<?xml version="1.0" encoding="UTF-8"?>
<testng-results ignored="0" total="5" passed="0" failed="5" skipped="0">
  <reporter-output>
  </reporter-output>
  <suite started-at="2022-09-06T11:20:04Z" name="Default suite" finished-at="2022-09-06T11:20:06Z" duration-ms="2645">
    <groups>
    </groups>
    <test started-at="2022-09-06T11:20:04Z" name="Default test" finished-at="2022-09-06T11:20:06Z" duration-ms="2645">
      <class name="RunClass.Execution">
        <test-method is-config="true" signature="startTest()[pri:0, instance:RunClass.Execution@297ea53a]" started-at="2022-09-06T11:18:08Z" name="startTest" finished-at="2022-09-06T11:20:04Z" duration-ms="115726" status="PASS">
          <reporter-output>
          </reporter-output>
        </test-method> <!-- startTest -->
        <test-method signature="testcase(java.lang.String, java.lang.String, java.lang.String, java.lang.String, java.lang.String, java.lang.String, java.lang.String, java.lang.String, java.lang.String, java.lang.String, java.lang.String, java.lang.String, java.lang.String, java.lang.String, java.lang.String, java.lang.String, java.lang.String, java.lang.String, java.lang.String)[pri:0, instance:RunClass.Execution@297ea53a]" started-at="2022-09-06T11:20:05Z" name="testcase" data-provider="getTestData" finished-at="2022-09-06T11:20:06Z" duration-ms="249" status="FAIL">
          <params>
            <param index="0">
              <value>
                <![CDATA[9158794159]]>
              </value>
            </param>
            <param index="1">
              <value>
                <![CDATA[1]]>
              </value>
            </param>
            <param index="2">
              <value>
                <![CDATA[1]]>
              </value>
            </param>
            <param index="3">
              <value>
                <![CDATA[1]]>
              </value>
            </param>
            <param index="4">
              <value>
                <![CDATA[1]]>
              </value>
            </param>
            <param index="5">
              <value>
                <![CDATA[1]]>
              </value>
            </param>
            <param index="6">
              <value>
                <![CDATA[1]]>
              </value>
            </param>
            <param index="7">
              <value>
                <![CDATA[600001]]>
              </value>
            </param>
            <param index="8">
              <value>
                <![CDATA[BADPV0447C]]>
              </value>
            </param>
            <param index="9">
              <value>
                <![CDATA[Vignesh ]]>
              </value>
            </param>
            <param index="10">
              <value>
                <![CDATA[1998]]>
              </value>
            </param>
            <param index="11">
              <value>
                <![CDATA[Aug]]>
              </value>
            </param>
            <param index="12">
              <value>
                <![CDATA[Vasudevan K]]>
              </value>
            </param>
            <param index="13">
              <value>
                <![CDATA[vigneshv151197@gmail.com]]>
              </value>
            </param>
            <param index="14">
              <value>
                <![CDATA[Rented with Friends]]>
              </value>
            </param>
            <param index="15">
              <value>
                <![CDATA[7-12 Months]]>
              </value>
            </param>
            <param index="16">
              <value>
                <![CDATA[Self Employed Professional]]>
              </value>
            </param>
            <param index="17">
              <value>
                <![CDATA[100000.0]]>
              </value>
            </param>
            <param index="18">
              <value>
                <![CDATA[Male]]>
              </value>
            </param>
          </params>
          <exception class="org.openqa.selenium.NoSuchElementException">
            <message>
              <![CDATA[no such element: Unable to locate element: {"method":"xpath","selector":"//label[@for='TWMobile']"}
  (Session info: chrome=104.0.5112.102)
For documentation on this error, please visit: http://seleniumhq.org/exceptions/no_such_element.html
Build info: version: '3.5.3', revision: 'a88d25fe6b', time: '2017-08-29T12:42:44.417Z'
System info: host: 'DIGITAL-0129', ip: '172.23.4.254', os.name: 'Windows 10', os.arch: 'amd64', os.version: '10.0', java.version: '17.0.3'
Driver info: org.openqa.selenium.chrome.ChromeDriver
Capabilities [{networkConnectionEnabled=false, chrome={chromedriverVersion=104.0.5112.79 (3cf3e8c8a07d104b9e1260c910efb8f383285dc5-refs/branch-heads/5112@{#1307}), userDataDir=C:\Users\v802\AppData\Local\Temp\scoped_dir12904_920044719}, timeouts={implicit=0, pageLoad=300000, script=30000}, pageLoadStrategy=normal, unhandledPromptBehavior=dismiss and notify, strictFileInteractability=false, platform=XP, proxy=Proxy(), goog:chromeOptions={debuggerAddress=localhost:52795}, webauthn:extension:credBlob=true, acceptInsecureCerts=false, browserVersion=104.0.5112.102, browserName=chrome, javascriptEnabled=true, platformName=XP, setWindowRect=true, webauthn:extension:largeBlob=true, webauthn:virtualAuthenticators=true}]
Session ID: eb49bb0bc0724cb71e10035263cb12d6
*** Element info: {Using=xpath, value=//label[@for='TWMobile']}]]>
            </message>
            <full-stacktrace>
              <![CDATA[org.openqa.selenium.NoSuchElementException: no such element: Unable to locate element: {"method":"xpath","selector":"//label[@for='TWMobile']"}
  (Session info: chrome=104.0.5112.102)
For documentation on this error, please visit: http://seleniumhq.org/exceptions/no_such_element.html
Build info: version: '3.5.3', revision: 'a88d25fe6b', time: '2017-08-29T12:42:44.417Z'
System info: host: 'DIGITAL-0129', ip: '172.23.4.254', os.name: 'Windows 10', os.arch: 'amd64', os.version: '10.0', java.version: '17.0.3'
Driver info: org.openqa.selenium.chrome.ChromeDriver
Capabilities [{networkConnectionEnabled=false, chrome={chromedriverVersion=104.0.5112.79 (3cf3e8c8a07d104b9e1260c910efb8f383285dc5-refs/branch-heads/5112@{#1307}), userDataDir=C:\Users\v802\AppData\Local\Temp\scoped_dir12904_920044719}, timeouts={implicit=0, pageLoad=300000, script=30000}, pageLoadStrategy=normal, unhandledPromptBehavior=dismiss and notify, strictFileInteractability=false, platform=XP, proxy=Proxy(), goog:chromeOptions={debuggerAddress=localhost:52795}, webauthn:extension:credBlob=true, acceptInsecureCerts=false, browserVersion=104.0.5112.102, browserName=chrome, javascriptEnabled=true, platformName=XP, setWindowRect=true, webauthn:extension:largeBlob=true, webauthn:virtualAuthenticators=true}]
Session ID: eb49bb0bc0724cb71e10035263cb12d6
*** Element info: {Using=xpath, value=//label[@for='TWMobile']}
at java.base/jdk.internal.reflect.NativeConstructorAccessorImpl.newInstance0(Native Method)
at java.base/jdk.internal.reflect.NativeConstructorAccessorImpl.newInstance(NativeConstructorAccessorImpl.java:77)
at java.base/jdk.internal.reflect.DelegatingConstructorAccessorImpl.newInstance(DelegatingConstructorAccessorImpl.java:45)
at java.base/java.lang.reflect.Constructor.newInstanceWithCaller(Constructor.java:499)
at java.base/java.lang.reflect.Constructor.newInstance(Constructor.java:480)
at org.openqa.selenium.remote.http.W3CHttpResponseCodec.createException(W3CHttpResponseCodec.java:185)
at org.openqa.selenium.remote.http.W3CHttpResponseCodec.decode(W3CHttpResponseCodec.java:120)
at org.openqa.selenium.remote.http.W3CHttpResponseCodec.decode(W3CHttpResponseCodec.java:49)
at org.openqa.selenium.remote.HttpCommandExecutor.execute(HttpCommandExecutor.java:164)
at org.openqa.selenium.remote.service.DriverCommandExecutor.execute(DriverCommandExecutor.java:82)
at org.openqa.selenium.remote.RemoteWebDriver.execute(RemoteWebDriver.java:646)
at org.openqa.selenium.remote.RemoteWebDriver.findElement(RemoteWebDriver.java:416)
at org.openqa.selenium.remote.RemoteWebDriver.findElementByXPath(RemoteWebDriver.java:518)
at org.openqa.selenium.By$ByXPath.findElement(By.java:361)
at org.openqa.selenium.remote.RemoteWebDriver.findElement(RemoteWebDriver.java:408)
at RunClass.Execution.testcase(Execution.java:43)
at java.base/jdk.internal.reflect.NativeMethodAccessorImpl.invoke0(Native Method)
at java.base/jdk.internal.reflect.NativeMethodAccessorImpl.invoke(NativeMethodAccessorImpl.java:77)
at java.base/jdk.internal.reflect.DelegatingMethodAccessorImpl.invoke(DelegatingMethodAccessorImpl.java:43)
at java.base/java.lang.reflect.Method.invoke(Method.java:568)
at org.testng.internal.MethodInvocationHelper.invokeMethod(MethodInvocationHelper.java:124)
at org.testng.internal.Invoker.invokeMethod(Invoker.java:583)
at org.testng.internal.Invoker.invokeTestMethod(Invoker.java:719)
at org.testng.internal.Invoker.invokeTestMethods(Invoker.java:989)
at org.testng.internal.TestMethodWorker.invokeTestMethods(TestMethodWorker.java:125)
at org.testng.internal.TestMethodWorker.run(TestMethodWorker.java:109)
at org.testng.TestRunner.privateRun(TestRunner.java:648)
at org.testng.TestRunner.run(TestRunner.java:505)
at org.testng.SuiteRunner.runTest(SuiteRunner.java:455)
at org.testng.SuiteRunner.runSequentially(SuiteRunner.java:450)
at org.testng.SuiteRunner.privateRun(SuiteRunner.java:415)
at org.testng.SuiteRunner.run(SuiteRunner.java:364)
at org.testng.SuiteRunnerWorker.runSuite(SuiteRunnerWorker.java:52)
at org.testng.SuiteRunnerWorker.run(SuiteRunnerWorker.java:84)
at org.testng.TestNG.runSuitesSequentially(TestNG.java:1208)
at org.testng.TestNG.runSuitesLocally(TestNG.java:1137)
at org.testng.TestNG.runSuites(TestNG.java:1049)
at org.testng.TestNG.run(TestNG.java:1017)
at org.testng.remote.AbstractRemoteTestNG.run(AbstractRemoteTestNG.java:115)
at org.testng.remote.RemoteTestNG.initAndRun(RemoteTestNG.java:251)
at org.testng.remote.RemoteTestNG.main(RemoteTestNG.java:77)
]]>
            </full-stacktrace>
          </exception> <!-- org.openqa.selenium.NoSuchElementException -->
          <reporter-output>
          </reporter-output>
        </test-method> <!-- testcase -->
        <test-method signature="testcase(java.lang.String, java.lang.String, java.lang.String, java.lang.String, java.lang.String, java.lang.String, java.lang.String, java.lang.String, java.lang.String, java.lang.String, java.lang.String, java.lang.String, java.lang.String, java.lang.String, java.lang.String, java.lang.String, java.lang.String, java.lang.String, java.lang.String)[pri:0, instance:RunClass.Execution@297ea53a]" started-at="2022-09-06T11:20:06Z" name="testcase" data-provider="getTestData" finished-at="2022-09-06T11:20:06Z" duration-ms="55" status="FAIL">
          <params>
            <param index="0">
              <value>
                <![CDATA[9.158794146E9]]>
              </value>
            </param>
            <param index="1">
              <value>
                <![CDATA[1]]>
              </value>
            </param>
            <param index="2">
              <value>
                <![CDATA[1]]>
              </value>
            </param>
            <param index="3">
              <value>
                <![CDATA[1]]>
              </value>
            </param>
            <param index="4">
              <value>
                <![CDATA[1]]>
              </value>
            </param>
            <param index="5">
              <value>
                <![CDATA[1]]>
              </value>
            </param>
            <param index="6">
              <value>
                <![CDATA[1]]>
              </value>
            </param>
            <param index="7">
              <value>
                <![CDATA[602002.0]]>
              </value>
            </param>
            <param index="8">
              <value>
                <![CDATA[ATGPT2841R]]>
              </value>
            </param>
            <param index="9">
              <value>
                <![CDATA[Thirumal]]>
              </value>
            </param>
            <param index="10">
              <value>
                <![CDATA[1998]]>
              </value>
            </param>
            <param index="11">
              <value>
                <![CDATA[Aug]]>
              </value>
            </param>
            <param index="12">
              <value>
                <![CDATA[Kiran]]>
              </value>
            </param>
            <param index="13">
              <value>
                <![CDATA[fghfh@gmail.com]]>
              </value>
            </param>
            <param index="14">
              <value>
                <![CDATA[Rented with Friends]]>
              </value>
            </param>
            <param index="15">
              <value>
                <![CDATA[7-12 Months]]>
              </value>
            </param>
            <param index="16">
              <value>
                <![CDATA[Self Employed Professional]]>
              </value>
            </param>
            <param index="17">
              <value>
                <![CDATA[100000.0]]>
              </value>
            </param>
            <param index="18">
              <value>
                <![CDATA[Male]]>
              </value>
            </param>
          </params>
          <exception class="org.openqa.selenium.NoSuchElementException">
            <message>
              <![CDATA[no such element: Unable to locate element: {"method":"xpath","selector":"//label[@for='TWMobile']"}
  (Session info: chrome=104.0.5112.102)
For documentation on this error, please visit: http://seleniumhq.org/exceptions/no_such_element.html
Build info: version: '3.5.3', revision: 'a88d25fe6b', time: '2017-08-29T12:42:44.417Z'
System info: host: 'DIGITAL-0129', ip: '172.23.4.254', os.name: 'Windows 10', os.arch: 'amd64', os.version: '10.0', java.version: '17.0.3'
Driver info: org.openqa.selenium.chrome.ChromeDriver
Capabilities [{networkConnectionEnabled=false, chrome={chromedriverVersion=104.0.5112.79 (3cf3e8c8a07d104b9e1260c910efb8f383285dc5-refs/branch-heads/5112@{#1307}), userDataDir=C:\Users\v802\AppData\Local\Temp\scoped_dir12904_920044719}, timeouts={implicit=0, pageLoad=300000, script=30000}, pageLoadStrategy=normal, unhandledPromptBehavior=dismiss and notify, strictFileInteractability=false, platform=XP, proxy=Proxy(), goog:chromeOptions={debuggerAddress=localhost:52795}, webauthn:extension:credBlob=true, acceptInsecureCerts=false, browserVersion=104.0.5112.102, browserName=chrome, javascriptEnabled=true, platformName=XP, setWindowRect=true, webauthn:extension:largeBlob=true, webauthn:virtualAuthenticators=true}]
Session ID: eb49bb0bc0724cb71e10035263cb12d6
*** Element info: {Using=xpath, value=//label[@for='TWMobile']}]]>
            </message>
            <full-stacktrace>
              <![CDATA[org.openqa.selenium.NoSuchElementException: no such element: Unable to locate element: {"method":"xpath","selector":"//label[@for='TWMobile']"}
  (Session info: chrome=104.0.5112.102)
For documentation on this error, please visit: http://seleniumhq.org/exceptions/no_such_element.html
Build info: version: '3.5.3', revision: 'a88d25fe6b', time: '2017-08-29T12:42:44.417Z'
System info: host: 'DIGITAL-0129', ip: '172.23.4.254', os.name: 'Windows 10', os.arch: 'amd64', os.version: '10.0', java.version: '17.0.3'
Driver info: org.openqa.selenium.chrome.ChromeDriver
Capabilities [{networkConnectionEnabled=false, chrome={chromedriverVersion=104.0.5112.79 (3cf3e8c8a07d104b9e1260c910efb8f383285dc5-refs/branch-heads/5112@{#1307}), userDataDir=C:\Users\v802\AppData\Local\Temp\scoped_dir12904_920044719}, timeouts={implicit=0, pageLoad=300000, script=30000}, pageLoadStrategy=normal, unhandledPromptBehavior=dismiss and notify, strictFileInteractability=false, platform=XP, proxy=Proxy(), goog:chromeOptions={debuggerAddress=localhost:52795}, webauthn:extension:credBlob=true, acceptInsecureCerts=false, browserVersion=104.0.5112.102, browserName=chrome, javascriptEnabled=true, platformName=XP, setWindowRect=true, webauthn:extension:largeBlob=true, webauthn:virtualAuthenticators=true}]
Session ID: eb49bb0bc0724cb71e10035263cb12d6
*** Element info: {Using=xpath, value=//label[@for='TWMobile']}
at java.base/jdk.internal.reflect.NativeConstructorAccessorImpl.newInstance0(Native Method)
at java.base/jdk.internal.reflect.NativeConstructorAccessorImpl.newInstance(NativeConstructorAccessorImpl.java:77)
at java.base/jdk.internal.reflect.DelegatingConstructorAccessorImpl.newInstance(DelegatingConstructorAccessorImpl.java:45)
at java.base/java.lang.reflect.Constructor.newInstanceWithCaller(Constructor.java:499)
at java.base/java.lang.reflect.Constructor.newInstance(Constructor.java:480)
at org.openqa.selenium.remote.http.W3CHttpResponseCodec.createException(W3CHttpResponseCodec.java:185)
at org.openqa.selenium.remote.http.W3CHttpResponseCodec.decode(W3CHttpResponseCodec.java:120)
at org.openqa.selenium.remote.http.W3CHttpResponseCodec.decode(W3CHttpResponseCodec.java:49)
at org.openqa.selenium.remote.HttpCommandExecutor.execute(HttpCommandExecutor.java:164)
at org.openqa.selenium.remote.service.DriverCommandExecutor.execute(DriverCommandExecutor.java:82)
at org.openqa.selenium.remote.RemoteWebDriver.execute(RemoteWebDriver.java:646)
at org.openqa.selenium.remote.RemoteWebDriver.findElement(RemoteWebDriver.java:416)
at org.openqa.selenium.remote.RemoteWebDriver.findElementByXPath(RemoteWebDriver.java:518)
at org.openqa.selenium.By$ByXPath.findElement(By.java:361)
at org.openqa.selenium.remote.RemoteWebDriver.findElement(RemoteWebDriver.java:408)
at RunClass.Execution.testcase(Execution.java:43)
at java.base/jdk.internal.reflect.NativeMethodAccessorImpl.invoke0(Native Method)
at java.base/jdk.internal.reflect.NativeMethodAccessorImpl.invoke(NativeMethodAccessorImpl.java:77)
at java.base/jdk.internal.reflect.DelegatingMethodAccessorImpl.invoke(DelegatingMethodAccessorImpl.java:43)
at java.base/java.lang.reflect.Method.invoke(Method.java:568)
at org.testng.internal.MethodInvocationHelper.invokeMethod(MethodInvocationHelper.java:124)
at org.testng.internal.Invoker.invokeMethod(Invoker.java:583)
at org.testng.internal.Invoker.invokeTestMethod(Invoker.java:719)
at org.testng.internal.Invoker.invokeTestMethods(Invoker.java:989)
at org.testng.internal.TestMethodWorker.invokeTestMethods(TestMethodWorker.java:125)
at org.testng.internal.TestMethodWorker.run(TestMethodWorker.java:109)
at org.testng.TestRunner.privateRun(TestRunner.java:648)
at org.testng.TestRunner.run(TestRunner.java:505)
at org.testng.SuiteRunner.runTest(SuiteRunner.java:455)
at org.testng.SuiteRunner.runSequentially(SuiteRunner.java:450)
at org.testng.SuiteRunner.privateRun(SuiteRunner.java:415)
at org.testng.SuiteRunner.run(SuiteRunner.java:364)
at org.testng.SuiteRunnerWorker.runSuite(SuiteRunnerWorker.java:52)
at org.testng.SuiteRunnerWorker.run(SuiteRunnerWorker.java:84)
at org.testng.TestNG.runSuitesSequentially(TestNG.java:1208)
at org.testng.TestNG.runSuitesLocally(TestNG.java:1137)
at org.testng.TestNG.runSuites(TestNG.java:1049)
at org.testng.TestNG.run(TestNG.java:1017)
at org.testng.remote.AbstractRemoteTestNG.run(AbstractRemoteTestNG.java:115)
at org.testng.remote.RemoteTestNG.initAndRun(RemoteTestNG.java:251)
at org.testng.remote.RemoteTestNG.main(RemoteTestNG.java:77)
]]>
            </full-stacktrace>
          </exception> <!-- org.openqa.selenium.NoSuchElementException -->
          <reporter-output>
          </reporter-output>
        </test-method> <!-- testcase -->
        <test-method signature="testcase(java.lang.String, java.lang.String, java.lang.String, java.lang.String, java.lang.String, java.lang.String, java.lang.String, java.lang.String, java.lang.String, java.lang.String, java.lang.String, java.lang.String, java.lang.String, java.lang.String, java.lang.String, java.lang.String, java.lang.String, java.lang.String, java.lang.String)[pri:0, instance:RunClass.Execution@297ea53a]" started-at="2022-09-06T11:20:06Z" name="testcase" data-provider="getTestData" finished-at="2022-09-06T11:20:06Z" duration-ms="53" status="FAIL">
          <params>
            <param index="0">
              <value>
                <![CDATA[9.158794147E9]]>
              </value>
            </param>
            <param index="1">
              <value>
                <![CDATA[1]]>
              </value>
            </param>
            <param index="2">
              <value>
                <![CDATA[1]]>
              </value>
            </param>
            <param index="3">
              <value>
                <![CDATA[1]]>
              </value>
            </param>
            <param index="4">
              <value>
                <![CDATA[1]]>
              </value>
            </param>
            <param index="5">
              <value>
                <![CDATA[1]]>
              </value>
            </param>
            <param index="6">
              <value>
                <![CDATA[1]]>
              </value>
            </param>
            <param index="7">
              <value>
                <![CDATA[602003.0]]>
              </value>
            </param>
            <param index="8">
              <value>
                <![CDATA[CHHPR4247J]]>
              </value>
            </param>
            <param index="9">
              <value>
                <![CDATA[Ram]]>
              </value>
            </param>
            <param index="10">
              <value>
                <![CDATA[1998]]>
              </value>
            </param>
            <param index="11">
              <value>
                <![CDATA[Aug]]>
              </value>
            </param>
            <param index="12">
              <value>
                <![CDATA[muthu]]>
              </value>
            </param>
            <param index="13">
              <value>
                <![CDATA[hfh@gmail.com]]>
              </value>
            </param>
            <param index="14">
              <value>
                <![CDATA[Rented with Friends]]>
              </value>
            </param>
            <param index="15">
              <value>
                <![CDATA[7-12 Months]]>
              </value>
            </param>
            <param index="16">
              <value>
                <![CDATA[Self Employed Professional]]>
              </value>
            </param>
            <param index="17">
              <value>
                <![CDATA[100000.0]]>
              </value>
            </param>
            <param index="18">
              <value>
                <![CDATA[Male]]>
              </value>
            </param>
          </params>
          <exception class="org.openqa.selenium.NoSuchElementException">
            <message>
              <![CDATA[no such element: Unable to locate element: {"method":"xpath","selector":"//label[@for='TWMobile']"}
  (Session info: chrome=104.0.5112.102)
For documentation on this error, please visit: http://seleniumhq.org/exceptions/no_such_element.html
Build info: version: '3.5.3', revision: 'a88d25fe6b', time: '2017-08-29T12:42:44.417Z'
System info: host: 'DIGITAL-0129', ip: '172.23.4.254', os.name: 'Windows 10', os.arch: 'amd64', os.version: '10.0', java.version: '17.0.3'
Driver info: org.openqa.selenium.chrome.ChromeDriver
Capabilities [{networkConnectionEnabled=false, chrome={chromedriverVersion=104.0.5112.79 (3cf3e8c8a07d104b9e1260c910efb8f383285dc5-refs/branch-heads/5112@{#1307}), userDataDir=C:\Users\v802\AppData\Local\Temp\scoped_dir12904_920044719}, timeouts={implicit=0, pageLoad=300000, script=30000}, pageLoadStrategy=normal, unhandledPromptBehavior=dismiss and notify, strictFileInteractability=false, platform=XP, proxy=Proxy(), goog:chromeOptions={debuggerAddress=localhost:52795}, webauthn:extension:credBlob=true, acceptInsecureCerts=false, browserVersion=104.0.5112.102, browserName=chrome, javascriptEnabled=true, platformName=XP, setWindowRect=true, webauthn:extension:largeBlob=true, webauthn:virtualAuthenticators=true}]
Session ID: eb49bb0bc0724cb71e10035263cb12d6
*** Element info: {Using=xpath, value=//label[@for='TWMobile']}]]>
            </message>
            <full-stacktrace>
              <![CDATA[org.openqa.selenium.NoSuchElementException: no such element: Unable to locate element: {"method":"xpath","selector":"//label[@for='TWMobile']"}
  (Session info: chrome=104.0.5112.102)
For documentation on this error, please visit: http://seleniumhq.org/exceptions/no_such_element.html
Build info: version: '3.5.3', revision: 'a88d25fe6b', time: '2017-08-29T12:42:44.417Z'
System info: host: 'DIGITAL-0129', ip: '172.23.4.254', os.name: 'Windows 10', os.arch: 'amd64', os.version: '10.0', java.version: '17.0.3'
Driver info: org.openqa.selenium.chrome.ChromeDriver
Capabilities [{networkConnectionEnabled=false, chrome={chromedriverVersion=104.0.5112.79 (3cf3e8c8a07d104b9e1260c910efb8f383285dc5-refs/branch-heads/5112@{#1307}), userDataDir=C:\Users\v802\AppData\Local\Temp\scoped_dir12904_920044719}, timeouts={implicit=0, pageLoad=300000, script=30000}, pageLoadStrategy=normal, unhandledPromptBehavior=dismiss and notify, strictFileInteractability=false, platform=XP, proxy=Proxy(), goog:chromeOptions={debuggerAddress=localhost:52795}, webauthn:extension:credBlob=true, acceptInsecureCerts=false, browserVersion=104.0.5112.102, browserName=chrome, javascriptEnabled=true, platformName=XP, setWindowRect=true, webauthn:extension:largeBlob=true, webauthn:virtualAuthenticators=true}]
Session ID: eb49bb0bc0724cb71e10035263cb12d6
*** Element info: {Using=xpath, value=//label[@for='TWMobile']}
at java.base/jdk.internal.reflect.NativeConstructorAccessorImpl.newInstance0(Native Method)
at java.base/jdk.internal.reflect.NativeConstructorAccessorImpl.newInstance(NativeConstructorAccessorImpl.java:77)
at java.base/jdk.internal.reflect.DelegatingConstructorAccessorImpl.newInstance(DelegatingConstructorAccessorImpl.java:45)
at java.base/java.lang.reflect.Constructor.newInstanceWithCaller(Constructor.java:499)
at java.base/java.lang.reflect.Constructor.newInstance(Constructor.java:480)
at org.openqa.selenium.remote.http.W3CHttpResponseCodec.createException(W3CHttpResponseCodec.java:185)
at org.openqa.selenium.remote.http.W3CHttpResponseCodec.decode(W3CHttpResponseCodec.java:120)
at org.openqa.selenium.remote.http.W3CHttpResponseCodec.decode(W3CHttpResponseCodec.java:49)
at org.openqa.selenium.remote.HttpCommandExecutor.execute(HttpCommandExecutor.java:164)
at org.openqa.selenium.remote.service.DriverCommandExecutor.execute(DriverCommandExecutor.java:82)
at org.openqa.selenium.remote.RemoteWebDriver.execute(RemoteWebDriver.java:646)
at org.openqa.selenium.remote.RemoteWebDriver.findElement(RemoteWebDriver.java:416)
at org.openqa.selenium.remote.RemoteWebDriver.findElementByXPath(RemoteWebDriver.java:518)
at org.openqa.selenium.By$ByXPath.findElement(By.java:361)
at org.openqa.selenium.remote.RemoteWebDriver.findElement(RemoteWebDriver.java:408)
at RunClass.Execution.testcase(Execution.java:43)
at java.base/jdk.internal.reflect.NativeMethodAccessorImpl.invoke0(Native Method)
at java.base/jdk.internal.reflect.NativeMethodAccessorImpl.invoke(NativeMethodAccessorImpl.java:77)
at java.base/jdk.internal.reflect.DelegatingMethodAccessorImpl.invoke(DelegatingMethodAccessorImpl.java:43)
at java.base/java.lang.reflect.Method.invoke(Method.java:568)
at org.testng.internal.MethodInvocationHelper.invokeMethod(MethodInvocationHelper.java:124)
at org.testng.internal.Invoker.invokeMethod(Invoker.java:583)
at org.testng.internal.Invoker.invokeTestMethod(Invoker.java:719)
at org.testng.internal.Invoker.invokeTestMethods(Invoker.java:989)
at org.testng.internal.TestMethodWorker.invokeTestMethods(TestMethodWorker.java:125)
at org.testng.internal.TestMethodWorker.run(TestMethodWorker.java:109)
at org.testng.TestRunner.privateRun(TestRunner.java:648)
at org.testng.TestRunner.run(TestRunner.java:505)
at org.testng.SuiteRunner.runTest(SuiteRunner.java:455)
at org.testng.SuiteRunner.runSequentially(SuiteRunner.java:450)
at org.testng.SuiteRunner.privateRun(SuiteRunner.java:415)
at org.testng.SuiteRunner.run(SuiteRunner.java:364)
at org.testng.SuiteRunnerWorker.runSuite(SuiteRunnerWorker.java:52)
at org.testng.SuiteRunnerWorker.run(SuiteRunnerWorker.java:84)
at org.testng.TestNG.runSuitesSequentially(TestNG.java:1208)
at org.testng.TestNG.runSuitesLocally(TestNG.java:1137)
at org.testng.TestNG.runSuites(TestNG.java:1049)
at org.testng.TestNG.run(TestNG.java:1017)
at org.testng.remote.AbstractRemoteTestNG.run(AbstractRemoteTestNG.java:115)
at org.testng.remote.RemoteTestNG.initAndRun(RemoteTestNG.java:251)
at org.testng.remote.RemoteTestNG.main(RemoteTestNG.java:77)
]]>
            </full-stacktrace>
          </exception> <!-- org.openqa.selenium.NoSuchElementException -->
          <reporter-output>
          </reporter-output>
        </test-method> <!-- testcase -->
        <test-method signature="testcase(java.lang.String, java.lang.String, java.lang.String, java.lang.String, java.lang.String, java.lang.String, java.lang.String, java.lang.String, java.lang.String, java.lang.String, java.lang.String, java.lang.String, java.lang.String, java.lang.String, java.lang.String, java.lang.String, java.lang.String, java.lang.String, java.lang.String)[pri:0, instance:RunClass.Execution@297ea53a]" started-at="2022-09-06T11:20:06Z" name="testcase" data-provider="getTestData" finished-at="2022-09-06T11:20:06Z" duration-ms="60" status="FAIL">
          <params>
            <param index="0">
              <value>
                <![CDATA[9.158794148E9]]>
              </value>
            </param>
            <param index="1">
              <value>
                <![CDATA[1]]>
              </value>
            </param>
            <param index="2">
              <value>
                <![CDATA[1]]>
              </value>
            </param>
            <param index="3">
              <value>
                <![CDATA[1]]>
              </value>
            </param>
            <param index="4">
              <value>
                <![CDATA[1]]>
              </value>
            </param>
            <param index="5">
              <value>
                <![CDATA[1]]>
              </value>
            </param>
            <param index="6">
              <value>
                <![CDATA[1]]>
              </value>
            </param>
            <param index="7">
              <value>
                <![CDATA[602004.0]]>
              </value>
            </param>
            <param index="8">
              <value>
                <![CDATA[CHHPR4257J]]>
              </value>
            </param>
            <param index="9">
              <value>
                <![CDATA[sathish]]>
              </value>
            </param>
            <param index="10">
              <value>
                <![CDATA[1998]]>
              </value>
            </param>
            <param index="11">
              <value>
                <![CDATA[Aug]]>
              </value>
            </param>
            <param index="12">
              <value>
                <![CDATA[paveen]]>
              </value>
            </param>
            <param index="13">
              <value>
                <![CDATA[polkjhj@gmail.com]]>
              </value>
            </param>
            <param index="14">
              <value>
                <![CDATA[Rented with Friends]]>
              </value>
            </param>
            <param index="15">
              <value>
                <![CDATA[7-12 Months]]>
              </value>
            </param>
            <param index="16">
              <value>
                <![CDATA[Self Employed Professional]]>
              </value>
            </param>
            <param index="17">
              <value>
                <![CDATA[100000.0]]>
              </value>
            </param>
            <param index="18">
              <value>
                <![CDATA[Male]]>
              </value>
            </param>
          </params>
          <exception class="org.openqa.selenium.NoSuchElementException">
            <message>
              <![CDATA[no such element: Unable to locate element: {"method":"xpath","selector":"//label[@for='TWMobile']"}
  (Session info: chrome=104.0.5112.102)
For documentation on this error, please visit: http://seleniumhq.org/exceptions/no_such_element.html
Build info: version: '3.5.3', revision: 'a88d25fe6b', time: '2017-08-29T12:42:44.417Z'
System info: host: 'DIGITAL-0129', ip: '172.23.4.254', os.name: 'Windows 10', os.arch: 'amd64', os.version: '10.0', java.version: '17.0.3'
Driver info: org.openqa.selenium.chrome.ChromeDriver
Capabilities [{networkConnectionEnabled=false, chrome={chromedriverVersion=104.0.5112.79 (3cf3e8c8a07d104b9e1260c910efb8f383285dc5-refs/branch-heads/5112@{#1307}), userDataDir=C:\Users\v802\AppData\Local\Temp\scoped_dir12904_920044719}, timeouts={implicit=0, pageLoad=300000, script=30000}, pageLoadStrategy=normal, unhandledPromptBehavior=dismiss and notify, strictFileInteractability=false, platform=XP, proxy=Proxy(), goog:chromeOptions={debuggerAddress=localhost:52795}, webauthn:extension:credBlob=true, acceptInsecureCerts=false, browserVersion=104.0.5112.102, browserName=chrome, javascriptEnabled=true, platformName=XP, setWindowRect=true, webauthn:extension:largeBlob=true, webauthn:virtualAuthenticators=true}]
Session ID: eb49bb0bc0724cb71e10035263cb12d6
*** Element info: {Using=xpath, value=//label[@for='TWMobile']}]]>
            </message>
            <full-stacktrace>
              <![CDATA[org.openqa.selenium.NoSuchElementException: no such element: Unable to locate element: {"method":"xpath","selector":"//label[@for='TWMobile']"}
  (Session info: chrome=104.0.5112.102)
For documentation on this error, please visit: http://seleniumhq.org/exceptions/no_such_element.html
Build info: version: '3.5.3', revision: 'a88d25fe6b', time: '2017-08-29T12:42:44.417Z'
System info: host: 'DIGITAL-0129', ip: '172.23.4.254', os.name: 'Windows 10', os.arch: 'amd64', os.version: '10.0', java.version: '17.0.3'
Driver info: org.openqa.selenium.chrome.ChromeDriver
Capabilities [{networkConnectionEnabled=false, chrome={chromedriverVersion=104.0.5112.79 (3cf3e8c8a07d104b9e1260c910efb8f383285dc5-refs/branch-heads/5112@{#1307}), userDataDir=C:\Users\v802\AppData\Local\Temp\scoped_dir12904_920044719}, timeouts={implicit=0, pageLoad=300000, script=30000}, pageLoadStrategy=normal, unhandledPromptBehavior=dismiss and notify, strictFileInteractability=false, platform=XP, proxy=Proxy(), goog:chromeOptions={debuggerAddress=localhost:52795}, webauthn:extension:credBlob=true, acceptInsecureCerts=false, browserVersion=104.0.5112.102, browserName=chrome, javascriptEnabled=true, platformName=XP, setWindowRect=true, webauthn:extension:largeBlob=true, webauthn:virtualAuthenticators=true}]
Session ID: eb49bb0bc0724cb71e10035263cb12d6
*** Element info: {Using=xpath, value=//label[@for='TWMobile']}
at java.base/jdk.internal.reflect.NativeConstructorAccessorImpl.newInstance0(Native Method)
at java.base/jdk.internal.reflect.NativeConstructorAccessorImpl.newInstance(NativeConstructorAccessorImpl.java:77)
at java.base/jdk.internal.reflect.DelegatingConstructorAccessorImpl.newInstance(DelegatingConstructorAccessorImpl.java:45)
at java.base/java.lang.reflect.Constructor.newInstanceWithCaller(Constructor.java:499)
at java.base/java.lang.reflect.Constructor.newInstance(Constructor.java:480)
at org.openqa.selenium.remote.http.W3CHttpResponseCodec.createException(W3CHttpResponseCodec.java:185)
at org.openqa.selenium.remote.http.W3CHttpResponseCodec.decode(W3CHttpResponseCodec.java:120)
at org.openqa.selenium.remote.http.W3CHttpResponseCodec.decode(W3CHttpResponseCodec.java:49)
at org.openqa.selenium.remote.HttpCommandExecutor.execute(HttpCommandExecutor.java:164)
at org.openqa.selenium.remote.service.DriverCommandExecutor.execute(DriverCommandExecutor.java:82)
at org.openqa.selenium.remote.RemoteWebDriver.execute(RemoteWebDriver.java:646)
at org.openqa.selenium.remote.RemoteWebDriver.findElement(RemoteWebDriver.java:416)
at org.openqa.selenium.remote.RemoteWebDriver.findElementByXPath(RemoteWebDriver.java:518)
at org.openqa.selenium.By$ByXPath.findElement(By.java:361)
at org.openqa.selenium.remote.RemoteWebDriver.findElement(RemoteWebDriver.java:408)
at RunClass.Execution.testcase(Execution.java:43)
at java.base/jdk.internal.reflect.NativeMethodAccessorImpl.invoke0(Native Method)
at java.base/jdk.internal.reflect.NativeMethodAccessorImpl.invoke(NativeMethodAccessorImpl.java:77)
at java.base/jdk.internal.reflect.DelegatingMethodAccessorImpl.invoke(DelegatingMethodAccessorImpl.java:43)
at java.base/java.lang.reflect.Method.invoke(Method.java:568)
at org.testng.internal.MethodInvocationHelper.invokeMethod(MethodInvocationHelper.java:124)
at org.testng.internal.Invoker.invokeMethod(Invoker.java:583)
at org.testng.internal.Invoker.invokeTestMethod(Invoker.java:719)
at org.testng.internal.Invoker.invokeTestMethods(Invoker.java:989)
at org.testng.internal.TestMethodWorker.invokeTestMethods(TestMethodWorker.java:125)
at org.testng.internal.TestMethodWorker.run(TestMethodWorker.java:109)
at org.testng.TestRunner.privateRun(TestRunner.java:648)
at org.testng.TestRunner.run(TestRunner.java:505)
at org.testng.SuiteRunner.runTest(SuiteRunner.java:455)
at org.testng.SuiteRunner.runSequentially(SuiteRunner.java:450)
at org.testng.SuiteRunner.privateRun(SuiteRunner.java:415)
at org.testng.SuiteRunner.run(SuiteRunner.java:364)
at org.testng.SuiteRunnerWorker.runSuite(SuiteRunnerWorker.java:52)
at org.testng.SuiteRunnerWorker.run(SuiteRunnerWorker.java:84)
at org.testng.TestNG.runSuitesSequentially(TestNG.java:1208)
at org.testng.TestNG.runSuitesLocally(TestNG.java:1137)
at org.testng.TestNG.runSuites(TestNG.java:1049)
at org.testng.TestNG.run(TestNG.java:1017)
at org.testng.remote.AbstractRemoteTestNG.run(AbstractRemoteTestNG.java:115)
at org.testng.remote.RemoteTestNG.initAndRun(RemoteTestNG.java:251)
at org.testng.remote.RemoteTestNG.main(RemoteTestNG.java:77)
]]>
            </full-stacktrace>
          </exception> <!-- org.openqa.selenium.NoSuchElementException -->
          <reporter-output>
          </reporter-output>
        </test-method> <!-- testcase -->
        <test-method signature="testcase(java.lang.String, java.lang.String, java.lang.String, java.lang.String, java.lang.String, java.lang.String, java.lang.String, java.lang.String, java.lang.String, java.lang.String, java.lang.String, java.lang.String, java.lang.String, java.lang.String, java.lang.String, java.lang.String, java.lang.String, java.lang.String, java.lang.String)[pri:0, instance:RunClass.Execution@297ea53a]" started-at="2022-09-06T11:20:06Z" name="testcase" data-provider="getTestData" finished-at="2022-09-06T11:20:06Z" duration-ms="34" status="FAIL">
          <params>
            <param index="0">
              <value>
                <![CDATA[9.158794149E9]]>
              </value>
            </param>
            <param index="1">
              <value>
                <![CDATA[1]]>
              </value>
            </param>
            <param index="2">
              <value>
                <![CDATA[1]]>
              </value>
            </param>
            <param index="3">
              <value>
                <![CDATA[1]]>
              </value>
            </param>
            <param index="4">
              <value>
                <![CDATA[1]]>
              </value>
            </param>
            <param index="5">
              <value>
                <![CDATA[1]]>
              </value>
            </param>
            <param index="6">
              <value>
                <![CDATA[1]]>
              </value>
            </param>
            <param index="7">
              <value>
                <![CDATA[602005.0]]>
              </value>
            </param>
            <param index="8">
              <value>
                <![CDATA[CHHPR8247J]]>
              </value>
            </param>
            <param index="9">
              <value>
                <![CDATA[kannan]]>
              </value>
            </param>
            <param index="10">
              <value>
                <![CDATA[1998]]>
              </value>
            </param>
            <param index="11">
              <value>
                <![CDATA[Aug]]>
              </value>
            </param>
            <param index="12">
              <value>
                <![CDATA[Vetri]]>
              </value>
            </param>
            <param index="13">
              <value>
                <![CDATA[jyui@gmail.com]]>
              </value>
            </param>
            <param index="14">
              <value>
                <![CDATA[Rented with Friends]]>
              </value>
            </param>
            <param index="15">
              <value>
                <![CDATA[7-12 Months]]>
              </value>
            </param>
            <param index="16">
              <value>
                <![CDATA[Self Employed Professional]]>
              </value>
            </param>
            <param index="17">
              <value>
                <![CDATA[100000.0]]>
              </value>
            </param>
            <param index="18">
              <value>
                <![CDATA[Male]]>
              </value>
            </param>
          </params>
          <exception class="org.openqa.selenium.NoSuchElementException">
            <message>
              <![CDATA[no such element: Unable to locate element: {"method":"xpath","selector":"//label[@for='TWMobile']"}
  (Session info: chrome=104.0.5112.102)
For documentation on this error, please visit: http://seleniumhq.org/exceptions/no_such_element.html
Build info: version: '3.5.3', revision: 'a88d25fe6b', time: '2017-08-29T12:42:44.417Z'
System info: host: 'DIGITAL-0129', ip: '172.23.4.254', os.name: 'Windows 10', os.arch: 'amd64', os.version: '10.0', java.version: '17.0.3'
Driver info: org.openqa.selenium.chrome.ChromeDriver
Capabilities [{networkConnectionEnabled=false, chrome={chromedriverVersion=104.0.5112.79 (3cf3e8c8a07d104b9e1260c910efb8f383285dc5-refs/branch-heads/5112@{#1307}), userDataDir=C:\Users\v802\AppData\Local\Temp\scoped_dir12904_920044719}, timeouts={implicit=0, pageLoad=300000, script=30000}, pageLoadStrategy=normal, unhandledPromptBehavior=dismiss and notify, strictFileInteractability=false, platform=XP, proxy=Proxy(), goog:chromeOptions={debuggerAddress=localhost:52795}, webauthn:extension:credBlob=true, acceptInsecureCerts=false, browserVersion=104.0.5112.102, browserName=chrome, javascriptEnabled=true, platformName=XP, setWindowRect=true, webauthn:extension:largeBlob=true, webauthn:virtualAuthenticators=true}]
Session ID: eb49bb0bc0724cb71e10035263cb12d6
*** Element info: {Using=xpath, value=//label[@for='TWMobile']}]]>
            </message>
            <full-stacktrace>
              <![CDATA[org.openqa.selenium.NoSuchElementException: no such element: Unable to locate element: {"method":"xpath","selector":"//label[@for='TWMobile']"}
  (Session info: chrome=104.0.5112.102)
For documentation on this error, please visit: http://seleniumhq.org/exceptions/no_such_element.html
Build info: version: '3.5.3', revision: 'a88d25fe6b', time: '2017-08-29T12:42:44.417Z'
System info: host: 'DIGITAL-0129', ip: '172.23.4.254', os.name: 'Windows 10', os.arch: 'amd64', os.version: '10.0', java.version: '17.0.3'
Driver info: org.openqa.selenium.chrome.ChromeDriver
Capabilities [{networkConnectionEnabled=false, chrome={chromedriverVersion=104.0.5112.79 (3cf3e8c8a07d104b9e1260c910efb8f383285dc5-refs/branch-heads/5112@{#1307}), userDataDir=C:\Users\v802\AppData\Local\Temp\scoped_dir12904_920044719}, timeouts={implicit=0, pageLoad=300000, script=30000}, pageLoadStrategy=normal, unhandledPromptBehavior=dismiss and notify, strictFileInteractability=false, platform=XP, proxy=Proxy(), goog:chromeOptions={debuggerAddress=localhost:52795}, webauthn:extension:credBlob=true, acceptInsecureCerts=false, browserVersion=104.0.5112.102, browserName=chrome, javascriptEnabled=true, platformName=XP, setWindowRect=true, webauthn:extension:largeBlob=true, webauthn:virtualAuthenticators=true}]
Session ID: eb49bb0bc0724cb71e10035263cb12d6
*** Element info: {Using=xpath, value=//label[@for='TWMobile']}
at java.base/jdk.internal.reflect.NativeConstructorAccessorImpl.newInstance0(Native Method)
at java.base/jdk.internal.reflect.NativeConstructorAccessorImpl.newInstance(NativeConstructorAccessorImpl.java:77)
at java.base/jdk.internal.reflect.DelegatingConstructorAccessorImpl.newInstance(DelegatingConstructorAccessorImpl.java:45)
at java.base/java.lang.reflect.Constructor.newInstanceWithCaller(Constructor.java:499)
at java.base/java.lang.reflect.Constructor.newInstance(Constructor.java:480)
at org.openqa.selenium.remote.http.W3CHttpResponseCodec.createException(W3CHttpResponseCodec.java:185)
at org.openqa.selenium.remote.http.W3CHttpResponseCodec.decode(W3CHttpResponseCodec.java:120)
at org.openqa.selenium.remote.http.W3CHttpResponseCodec.decode(W3CHttpResponseCodec.java:49)
at org.openqa.selenium.remote.HttpCommandExecutor.execute(HttpCommandExecutor.java:164)
at org.openqa.selenium.remote.service.DriverCommandExecutor.execute(DriverCommandExecutor.java:82)
at org.openqa.selenium.remote.RemoteWebDriver.execute(RemoteWebDriver.java:646)
at org.openqa.selenium.remote.RemoteWebDriver.findElement(RemoteWebDriver.java:416)
at org.openqa.selenium.remote.RemoteWebDriver.findElementByXPath(RemoteWebDriver.java:518)
at org.openqa.selenium.By$ByXPath.findElement(By.java:361)
at org.openqa.selenium.remote.RemoteWebDriver.findElement(RemoteWebDriver.java:408)
at RunClass.Execution.testcase(Execution.java:43)
at java.base/jdk.internal.reflect.NativeMethodAccessorImpl.invoke0(Native Method)
at java.base/jdk.internal.reflect.NativeMethodAccessorImpl.invoke(NativeMethodAccessorImpl.java:77)
at java.base/jdk.internal.reflect.DelegatingMethodAccessorImpl.invoke(DelegatingMethodAccessorImpl.java:43)
at java.base/java.lang.reflect.Method.invoke(Method.java:568)
at org.testng.internal.MethodInvocationHelper.invokeMethod(MethodInvocationHelper.java:124)
at org.testng.internal.Invoker.invokeMethod(Invoker.java:583)
at org.testng.internal.Invoker.invokeTestMethod(Invoker.java:719)
at org.testng.internal.Invoker.invokeTestMethods(Invoker.java:989)
at org.testng.internal.TestMethodWorker.invokeTestMethods(TestMethodWorker.java:125)
at org.testng.internal.TestMethodWorker.run(TestMethodWorker.java:109)
at org.testng.TestRunner.privateRun(TestRunner.java:648)
at org.testng.TestRunner.run(TestRunner.java:505)
at org.testng.SuiteRunner.runTest(SuiteRunner.java:455)
at org.testng.SuiteRunner.runSequentially(SuiteRunner.java:450)
at org.testng.SuiteRunner.privateRun(SuiteRunner.java:415)
at org.testng.SuiteRunner.run(SuiteRunner.java:364)
at org.testng.SuiteRunnerWorker.runSuite(SuiteRunnerWorker.java:52)
at org.testng.SuiteRunnerWorker.run(SuiteRunnerWorker.java:84)
at org.testng.TestNG.runSuitesSequentially(TestNG.java:1208)
at org.testng.TestNG.runSuitesLocally(TestNG.java:1137)
at org.testng.TestNG.runSuites(TestNG.java:1049)
at org.testng.TestNG.run(TestNG.java:1017)
at org.testng.remote.AbstractRemoteTestNG.run(AbstractRemoteTestNG.java:115)
at org.testng.remote.RemoteTestNG.initAndRun(RemoteTestNG.java:251)
at org.testng.remote.RemoteTestNG.main(RemoteTestNG.java:77)
]]>
            </full-stacktrace>
          </exception> <!-- org.openqa.selenium.NoSuchElementException -->
          <reporter-output>
          </reporter-output>
        </test-method> <!-- testcase -->
        <test-method is-config="true" signature="closeBrowser()[pri:0, instance:RunClass.Execution@297ea53a]" started-at="2022-09-06T11:20:06Z" name="closeBrowser" finished-at="2022-09-06T11:20:06Z" duration-ms="33" status="FAIL">
          <exception class="java.lang.StackOverflowError">
            <full-stacktrace>
              <![CDATA[java.lang.StackOverflowError
at RunClass.Execution.closeBrowser(Execution.java:192)
at RunClass.Execution.closeBrowser(Execution.java:192)
at RunClass.Execution.closeBrowser(Execution.java:192)
at RunClass.Execution.closeBrowser(Execution.java:192)
at RunClass.Execution.closeBrowser(Execution.java:192)
at RunClass.Execution.closeBrowser(Execution.java:192)
at RunClass.Execution.closeBrowser(Execution.java:192)
at RunClass.Execution.closeBrowser(Execution.java:192)
at RunClass.Execution.closeBrowser(Execution.java:192)
at RunClass.Execution.closeBrowser(Execution.java:192)
at RunClass.Execution.closeBrowser(Execution.java:192)
at RunClass.Execution.closeBrowser(Execution.java:192)
at RunClass.Execution.closeBrowser(Execution.java:192)
at RunClass.Execution.closeBrowser(Execution.java:192)
at RunClass.Execution.closeBrowser(Execution.java:192)
at RunClass.Execution.closeBrowser(Execution.java:192)
at RunClass.Execution.closeBrowser(Execution.java:192)
at RunClass.Execution.closeBrowser(Execution.java:192)
at RunClass.Execution.closeBrowser(Execution.java:192)
at RunClass.Execution.closeBrowser(Execution.java:192)
at RunClass.Execution.closeBrowser(Execution.java:192)
at RunClass.Execution.closeBrowser(Execution.java:192)
at RunClass.Execution.closeBrowser(Execution.java:192)
at RunClass.Execution.closeBrowser(Execution.java:192)
at RunClass.Execution.closeBrowser(Execution.java:192)
at RunClass.Execution.closeBrowser(Execution.java:192)
at RunClass.Execution.closeBrowser(Execution.java:192)
at RunClass.Execution.closeBrowser(Execution.java:192)
at RunClass.Execution.closeBrowser(Execution.java:192)
at RunClass.Execution.closeBrowser(Execution.java:192)
at RunClass.Execution.closeBrowser(Execution.java:192)
at RunClass.Execution.closeBrowser(Execution.java:192)
at RunClass.Execution.closeBrowser(Execution.java:192)
at RunClass.Execution.closeBrowser(Execution.java:192)
at RunClass.Execution.closeBrowser(Execution.java:192)
at RunClass.Execution.closeBrowser(Execution.java:192)
at RunClass.Execution.closeBrowser(Execution.java:192)
at RunClass.Execution.closeBrowser(Execution.java:192)
at RunClass.Execution.closeBrowser(Execution.java:192)
at RunClass.Execution.closeBrowser(Execution.java:192)
at RunClass.Execution.closeBrowser(Execution.java:192)
at RunClass.Execution.closeBrowser(Execution.java:192)
at RunClass.Execution.closeBrowser(Execution.java:192)
at RunClass.Execution.closeBrowser(Execution.java:192)
at RunClass.Execution.closeBrowser(Execution.java:192)
at RunClass.Execution.closeBrowser(Execution.java:192)
at RunClass.Execution.closeBrowser(Execution.java:192)
at RunClass.Execution.closeBrowser(Execution.java:192)
at RunClass.Execution.closeBrowser(Execution.java:192)
at RunClass.Execution.closeBrowser(Execution.java:192)
at RunClass.Execution.closeBrowser(Execution.java:192)
at RunClass.Execution.closeBrowser(Execution.java:192)
at RunClass.Execution.closeBrowser(Execution.java:192)
at RunClass.Execution.closeBrowser(Execution.java:192)
at RunClass.Execution.closeBrowser(Execution.java:192)
at RunClass.Execution.closeBrowser(Execution.java:192)
at RunClass.Execution.closeBrowser(Execution.java:192)
at RunClass.Execution.closeBrowser(Execution.java:192)
at RunClass.Execution.closeBrowser(Execution.java:192)
at RunClass.Execution.closeBrowser(Execution.java:192)
at RunClass.Execution.closeBrowser(Execution.java:192)
at RunClass.Execution.closeBrowser(Execution.java:192)
at RunClass.Execution.closeBrowser(Execution.java:192)
at RunClass.Execution.closeBrowser(Execution.java:192)
at RunClass.Execution.closeBrowser(Execution.java:192)
at RunClass.Execution.closeBrowser(Execution.java:192)
at RunClass.Execution.closeBrowser(Execution.java:192)
at RunClass.Execution.closeBrowser(Execution.java:192)
at RunClass.Execution.closeBrowser(Execution.java:192)
at RunClass.Execution.closeBrowser(Execution.java:192)
at RunClass.Execution.closeBrowser(Execution.java:192)
at RunClass.Execution.closeBrowser(Execution.java:192)
at RunClass.Execution.closeBrowser(Execution.java:192)
at RunClass.Execution.closeBrowser(Execution.java:192)
at RunClass.Execution.closeBrowser(Execution.java:192)
at RunClass.Execution.closeBrowser(Execution.java:192)
at RunClass.Execution.closeBrowser(Execution.java:192)
at RunClass.Execution.closeBrowser(Execution.java:192)
at RunClass.Execution.closeBrowser(Execution.java:192)
at RunClass.Execution.closeBrowser(Execution.java:192)
at RunClass.Execution.closeBrowser(Execution.java:192)
at RunClass.Execution.closeBrowser(Execution.java:192)
at RunClass.Execution.closeBrowser(Execution.java:192)
at RunClass.Execution.closeBrowser(Execution.java:192)
at RunClass.Execution.closeBrowser(Execution.java:192)
at RunClass.Execution.closeBrowser(Execution.java:192)
at RunClass.Execution.closeBrowser(Execution.java:192)
at RunClass.Execution.closeBrowser(Execution.java:192)
at RunClass.Execution.closeBrowser(Execution.java:192)
at RunClass.Execution.closeBrowser(Execution.java:192)
at RunClass.Execution.closeBrowser(Execution.java:192)
at RunClass.Execution.closeBrowser(Execution.java:192)
at RunClass.Execution.closeBrowser(Execution.java:192)
at RunClass.Execution.closeBrowser(Execution.java:192)
at RunClass.Execution.closeBrowser(Execution.java:192)
at RunClass.Execution.closeBrowser(Execution.java:192)
at RunClass.Execution.closeBrowser(Execution.java:192)
at RunClass.Execution.closeBrowser(Execution.java:192)
at RunClass.Execution.closeBrowser(Execution.java:192)
at RunClass.Execution.closeBrowser(Execution.java:192)
at RunClass.Execution.closeBrowser(Execution.java:192)
at RunClass.Execution.closeBrowser(Execution.java:192)
at RunClass.Execution.closeBrowser(Execution.java:192)
at RunClass.Execution.closeBrowser(Execution.java:192)
at RunClass.Execution.closeBrowser(Execution.java:192)
at RunClass.Execution.closeBrowser(Execution.java:192)
at RunClass.Execution.closeBrowser(Execution.java:192)
at RunClass.Execution.closeBrowser(Execution.java:192)
at RunClass.Execution.closeBrowser(Execution.java:192)
at RunClass.Execution.closeBrowser(Execution.java:192)
at RunClass.Execution.closeBrowser(Execution.java:192)
at RunClass.Execution.closeBrowser(Execution.java:192)
at RunClass.Execution.closeBrowser(Execution.java:192)
at RunClass.Execution.closeBrowser(Execution.java:192)
at RunClass.Execution.closeBrowser(Execution.java:192)
at RunClass.Execution.closeBrowser(Execution.java:192)
at RunClass.Execution.closeBrowser(Execution.java:192)
at RunClass.Execution.closeBrowser(Execution.java:192)
at RunClass.Execution.closeBrowser(Execution.java:192)
at RunClass.Execution.closeBrowser(Execution.java:192)
at RunClass.Execution.closeBrowser(Execution.java:192)
at RunClass.Execution.closeBrowser(Execution.java:192)
at RunClass.Execution.closeBrowser(Execution.java:192)
at RunClass.Execution.closeBrowser(Execution.java:192)
at RunClass.Execution.closeBrowser(Execution.java:192)
at RunClass.Execution.closeBrowser(Execution.java:192)
at RunClass.Execution.closeBrowser(Execution.java:192)
at RunClass.Execution.closeBrowser(Execution.java:192)
at RunClass.Execution.closeBrowser(Execution.java:192)
at RunClass.Execution.closeBrowser(Execution.java:192)
at RunClass.Execution.closeBrowser(Execution.java:192)
at RunClass.Execution.closeBrowser(Execution.java:192)
at RunClass.Execution.closeBrowser(Execution.java:192)
at RunClass.Execution.closeBrowser(Execution.java:192)
at RunClass.Execution.closeBrowser(Execution.java:192)
at RunClass.Execution.closeBrowser(Execution.java:192)
at RunClass.Execution.closeBrowser(Execution.java:192)
at RunClass.Execution.closeBrowser(Execution.java:192)
at RunClass.Execution.closeBrowser(Execution.java:192)
at RunClass.Execution.closeBrowser(Execution.java:192)
at RunClass.Execution.closeBrowser(Execution.java:192)
at RunClass.Execution.closeBrowser(Execution.java:192)
at RunClass.Execution.closeBrowser(Execution.java:192)
at RunClass.Execution.closeBrowser(Execution.java:192)
at RunClass.Execution.closeBrowser(Execution.java:192)
at RunClass.Execution.closeBrowser(Execution.java:192)
at RunClass.Execution.closeBrowser(Execution.java:192)
at RunClass.Execution.closeBrowser(Execution.java:192)
at RunClass.Execution.closeBrowser(Execution.java:192)
at RunClass.Execution.closeBrowser(Execution.java:192)
at RunClass.Execution.closeBrowser(Execution.java:192)
at RunClass.Execution.closeBrowser(Execution.java:192)
at RunClass.Execution.closeBrowser(Execution.java:192)
at RunClass.Execution.closeBrowser(Execution.java:192)
at RunClass.Execution.closeBrowser(Execution.java:192)
at RunClass.Execution.closeBrowser(Execution.java:192)
at RunClass.Execution.closeBrowser(Execution.java:192)
at RunClass.Execution.closeBrowser(Execution.java:192)
at RunClass.Execution.closeBrowser(Execution.java:192)
at RunClass.Execution.closeBrowser(Execution.java:192)
at RunClass.Execution.closeBrowser(Execution.java:192)
at RunClass.Execution.closeBrowser(Execution.java:192)
at RunClass.Execution.closeBrowser(Execution.java:192)
at RunClass.Execution.closeBrowser(Execution.java:192)
at RunClass.Execution.closeBrowser(Execution.java:192)
at RunClass.Execution.closeBrowser(Execution.java:192)
at RunClass.Execution.closeBrowser(Execution.java:192)
at RunClass.Execution.closeBrowser(Execution.java:192)
at RunClass.Execution.closeBrowser(Execution.java:192)
at RunClass.Execution.closeBrowser(Execution.java:192)
at RunClass.Execution.closeBrowser(Execution.java:192)
at RunClass.Execution.closeBrowser(Execution.java:192)
at RunClass.Execution.closeBrowser(Execution.java:192)
at RunClass.Execution.closeBrowser(Execution.java:192)
at RunClass.Execution.closeBrowser(Execution.java:192)
at RunClass.Execution.closeBrowser(Execution.java:192)
at RunClass.Execution.closeBrowser(Execution.java:192)
at RunClass.Execution.closeBrowser(Execution.java:192)
at RunClass.Execution.closeBrowser(Execution.java:192)
at RunClass.Execution.closeBrowser(Execution.java:192)
at RunClass.Execution.closeBrowser(Execution.java:192)
at RunClass.Execution.closeBrowser(Execution.java:192)
at RunClass.Execution.closeBrowser(Execution.java:192)
at RunClass.Execution.closeBrowser(Execution.java:192)
at RunClass.Execution.closeBrowser(Execution.java:192)
at RunClass.Execution.closeBrowser(Execution.java:192)
at RunClass.Execution.closeBrowser(Execution.java:192)
at RunClass.Execution.closeBrowser(Execution.java:192)
at RunClass.Execution.closeBrowser(Execution.java:192)
at RunClass.Execution.closeBrowser(Execution.java:192)
at RunClass.Execution.closeBrowser(Execution.java:192)
at RunClass.Execution.closeBrowser(Execution.java:192)
at RunClass.Execution.closeBrowser(Execution.java:192)
at RunClass.Execution.closeBrowser(Execution.java:192)
at RunClass.Execution.closeBrowser(Execution.java:192)
at RunClass.Execution.closeBrowser(Execution.java:192)
at RunClass.Execution.closeBrowser(Execution.java:192)
at RunClass.Execution.closeBrowser(Execution.java:192)
at RunClass.Execution.closeBrowser(Execution.java:192)
at RunClass.Execution.closeBrowser(Execution.java:192)
at RunClass.Execution.closeBrowser(Execution.java:192)
at RunClass.Execution.closeBrowser(Execution.java:192)
at RunClass.Execution.closeBrowser(Execution.java:192)
at RunClass.Execution.closeBrowser(Execution.java:192)
at RunClass.Execution.closeBrowser(Execution.java:192)
at RunClass.Execution.closeBrowser(Execution.java:192)
at RunClass.Execution.closeBrowser(Execution.java:192)
at RunClass.Execution.closeBrowser(Execution.java:192)
at RunClass.Execution.closeBrowser(Execution.java:192)
at RunClass.Execution.closeBrowser(Execution.java:192)
at RunClass.Execution.closeBrowser(Execution.java:192)
at RunClass.Execution.closeBrowser(Execution.java:192)
at RunClass.Execution.closeBrowser(Execution.java:192)
at RunClass.Execution.closeBrowser(Execution.java:192)
at RunClass.Execution.closeBrowser(Execution.java:192)
at RunClass.Execution.closeBrowser(Execution.java:192)
at RunClass.Execution.closeBrowser(Execution.java:192)
at RunClass.Execution.closeBrowser(Execution.java:192)
at RunClass.Execution.closeBrowser(Execution.java:192)
at RunClass.Execution.closeBrowser(Execution.java:192)
at RunClass.Execution.closeBrowser(Execution.java:192)
at RunClass.Execution.closeBrowser(Execution.java:192)
at RunClass.Execution.closeBrowser(Execution.java:192)
at RunClass.Execution.closeBrowser(Execution.java:192)
at RunClass.Execution.closeBrowser(Execution.java:192)
at RunClass.Execution.closeBrowser(Execution.java:192)
at RunClass.Execution.closeBrowser(Execution.java:192)
at RunClass.Execution.closeBrowser(Execution.java:192)
at RunClass.Execution.closeBrowser(Execution.java:192)
at RunClass.Execution.closeBrowser(Execution.java:192)
at RunClass.Execution.closeBrowser(Execution.java:192)
at RunClass.Execution.closeBrowser(Execution.java:192)
at RunClass.Execution.closeBrowser(Execution.java:192)
at RunClass.Execution.closeBrowser(Execution.java:192)
at RunClass.Execution.closeBrowser(Execution.java:192)
at RunClass.Execution.closeBrowser(Execution.java:192)
at RunClass.Execution.closeBrowser(Execution.java:192)
at RunClass.Execution.closeBrowser(Execution.java:192)
at RunClass.Execution.closeBrowser(Execution.java:192)
at RunClass.Execution.closeBrowser(Execution.java:192)
at RunClass.Execution.closeBrowser(Execution.java:192)
at RunClass.Execution.closeBrowser(Execution.java:192)
at RunClass.Execution.closeBrowser(Execution.java:192)
at RunClass.Execution.closeBrowser(Execution.java:192)
at RunClass.Execution.closeBrowser(Execution.java:192)
at RunClass.Execution.closeBrowser(Execution.java:192)
at RunClass.Execution.closeBrowser(Execution.java:192)
at RunClass.Execution.closeBrowser(Execution.java:192)
at RunClass.Execution.closeBrowser(Execution.java:192)
at RunClass.Execution.closeBrowser(Execution.java:192)
at RunClass.Execution.closeBrowser(Execution.java:192)
at RunClass.Execution.closeBrowser(Execution.java:192)
at RunClass.Execution.closeBrowser(Execution.java:192)
at RunClass.Execution.closeBrowser(Execution.java:192)
at RunClass.Execution.closeBrowser(Execution.java:192)
at RunClass.Execution.closeBrowser(Execution.java:192)
at RunClass.Execution.closeBrowser(Execution.java:192)
at RunClass.Execution.closeBrowser(Execution.java:192)
at RunClass.Execution.closeBrowser(Execution.java:192)
at RunClass.Execution.closeBrowser(Execution.java:192)
at RunClass.Execution.closeBrowser(Execution.java:192)
at RunClass.Execution.closeBrowser(Execution.java:192)
at RunClass.Execution.closeBrowser(Execution.java:192)
at RunClass.Execution.closeBrowser(Execution.java:192)
at RunClass.Execution.closeBrowser(Execution.java:192)
at RunClass.Execution.closeBrowser(Execution.java:192)
at RunClass.Execution.closeBrowser(Execution.java:192)
at RunClass.Execution.closeBrowser(Execution.java:192)
at RunClass.Execution.closeBrowser(Execution.java:192)
at RunClass.Execution.closeBrowser(Execution.java:192)
at RunClass.Execution.closeBrowser(Execution.java:192)
at RunClass.Execution.closeBrowser(Execution.java:192)
at RunClass.Execution.closeBrowser(Execution.java:192)
at RunClass.Execution.closeBrowser(Execution.java:192)
at RunClass.Execution.closeBrowser(Execution.java:192)
at RunClass.Execution.closeBrowser(Execution.java:192)
at RunClass.Execution.closeBrowser(Execution.java:192)
at RunClass.Execution.closeBrowser(Execution.java:192)
at RunClass.Execution.closeBrowser(Execution.java:192)
at RunClass.Execution.closeBrowser(Execution.java:192)
at RunClass.Execution.closeBrowser(Execution.java:192)
at RunClass.Execution.closeBrowser(Execution.java:192)
at RunClass.Execution.closeBrowser(Execution.java:192)
at RunClass.Execution.closeBrowser(Execution.java:192)
at RunClass.Execution.closeBrowser(Execution.java:192)
at RunClass.Execution.closeBrowser(Execution.java:192)
at RunClass.Execution.closeBrowser(Execution.java:192)
at RunClass.Execution.closeBrowser(Execution.java:192)
at RunClass.Execution.closeBrowser(Execution.java:192)
at RunClass.Execution.closeBrowser(Execution.java:192)
at RunClass.Execution.closeBrowser(Execution.java:192)
at RunClass.Execution.closeBrowser(Execution.java:192)
at RunClass.Execution.closeBrowser(Execution.java:192)
at RunClass.Execution.closeBrowser(Execution.java:192)
at RunClass.Execution.closeBrowser(Execution.java:192)
at RunClass.Execution.closeBrowser(Execution.java:192)
at RunClass.Execution.closeBrowser(Execution.java:192)
at RunClass.Execution.closeBrowser(Execution.java:192)
at RunClass.Execution.closeBrowser(Execution.java:192)
at RunClass.Execution.closeBrowser(Execution.java:192)
at RunClass.Execution.closeBrowser(Execution.java:192)
at RunClass.Execution.closeBrowser(Execution.java:192)
at RunClass.Execution.closeBrowser(Execution.java:192)
at RunClass.Execution.closeBrowser(Execution.java:192)
at RunClass.Execution.closeBrowser(Execution.java:192)
at RunClass.Execution.closeBrowser(Execution.java:192)
at RunClass.Execution.closeBrowser(Execution.java:192)
at RunClass.Execution.closeBrowser(Execution.java:192)
at RunClass.Execution.closeBrowser(Execution.java:192)
at RunClass.Execution.closeBrowser(Execution.java:192)
at RunClass.Execution.closeBrowser(Execution.java:192)
at RunClass.Execution.closeBrowser(Execution.java:192)
at RunClass.Execution.closeBrowser(Execution.java:192)
at RunClass.Execution.closeBrowser(Execution.java:192)
at RunClass.Execution.closeBrowser(Execution.java:192)
at RunClass.Execution.closeBrowser(Execution.java:192)
at RunClass.Execution.closeBrowser(Execution.java:192)
at RunClass.Execution.closeBrowser(Execution.java:192)
at RunClass.Execution.closeBrowser(Execution.java:192)
at RunClass.Execution.closeBrowser(Execution.java:192)
at RunClass.Execution.closeBrowser(Execution.java:192)
at RunClass.Execution.closeBrowser(Execution.java:192)
at RunClass.Execution.closeBrowser(Execution.java:192)
at RunClass.Execution.closeBrowser(Execution.java:192)
at RunClass.Execution.closeBrowser(Execution.java:192)
at RunClass.Execution.closeBrowser(Execution.java:192)
at RunClass.Execution.closeBrowser(Execution.java:192)
at RunClass.Execution.closeBrowser(Execution.java:192)
at RunClass.Execution.closeBrowser(Execution.java:192)
at RunClass.Execution.closeBrowser(Execution.java:192)
at RunClass.Execution.closeBrowser(Execution.java:192)
at RunClass.Execution.closeBrowser(Execution.java:192)
at RunClass.Execution.closeBrowser(Execution.java:192)
at RunClass.Execution.closeBrowser(Execution.java:192)
at RunClass.Execution.closeBrowser(Execution.java:192)
at RunClass.Execution.closeBrowser(Execution.java:192)
at RunClass.Execution.closeBrowser(Execution.java:192)
at RunClass.Execution.closeBrowser(Execution.java:192)
at RunClass.Execution.closeBrowser(Execution.java:192)
at RunClass.Execution.closeBrowser(Execution.java:192)
at RunClass.Execution.closeBrowser(Execution.java:192)
at RunClass.Execution.closeBrowser(Execution.java:192)
at RunClass.Execution.closeBrowser(Execution.java:192)
at RunClass.Execution.closeBrowser(Execution.java:192)
at RunClass.Execution.closeBrowser(Execution.java:192)
at RunClass.Execution.closeBrowser(Execution.java:192)
at RunClass.Execution.closeBrowser(Execution.java:192)
at RunClass.Execution.closeBrowser(Execution.java:192)
at RunClass.Execution.closeBrowser(Execution.java:192)
at RunClass.Execution.closeBrowser(Execution.java:192)
at RunClass.Execution.closeBrowser(Execution.java:192)
at RunClass.Execution.closeBrowser(Execution.java:192)
at RunClass.Execution.closeBrowser(Execution.java:192)
at RunClass.Execution.closeBrowser(Execution.java:192)
at RunClass.Execution.closeBrowser(Execution.java:192)
at RunClass.Execution.closeBrowser(Execution.java:192)
at RunClass.Execution.closeBrowser(Execution.java:192)
at RunClass.Execution.closeBrowser(Execution.java:192)
at RunClass.Execution.closeBrowser(Execution.java:192)
at RunClass.Execution.closeBrowser(Execution.java:192)
at RunClass.Execution.closeBrowser(Execution.java:192)
at RunClass.Execution.closeBrowser(Execution.java:192)
at RunClass.Execution.closeBrowser(Execution.java:192)
at RunClass.Execution.closeBrowser(Execution.java:192)
at RunClass.Execution.closeBrowser(Execution.java:192)
at RunClass.Execution.closeBrowser(Execution.java:192)
at RunClass.Execution.closeBrowser(Execution.java:192)
at RunClass.Execution.closeBrowser(Execution.java:192)
at RunClass.Execution.closeBrowser(Execution.java:192)
at RunClass.Execution.closeBrowser(Execution.java:192)
at RunClass.Execution.closeBrowser(Execution.java:192)
at RunClass.Execution.closeBrowser(Execution.java:192)
at RunClass.Execution.closeBrowser(Execution.java:192)
at RunClass.Execution.closeBrowser(Execution.java:192)
at RunClass.Execution.closeBrowser(Execution.java:192)
at RunClass.Execution.closeBrowser(Execution.java:192)
at RunClass.Execution.closeBrowser(Execution.java:192)
at RunClass.Execution.closeBrowser(Execution.java:192)
at RunClass.Execution.closeBrowser(Execution.java:192)
at RunClass.Execution.closeBrowser(Execution.java:192)
at RunClass.Execution.closeBrowser(Execution.java:192)
at RunClass.Execution.closeBrowser(Execution.java:192)
at RunClass.Execution.closeBrowser(Execution.java:192)
at RunClass.Execution.closeBrowser(Execution.java:192)
at RunClass.Execution.closeBrowser(Execution.java:192)
at RunClass.Execution.closeBrowser(Execution.java:192)
at RunClass.Execution.closeBrowser(Execution.java:192)
at RunClass.Execution.closeBrowser(Execution.java:192)
at RunClass.Execution.closeBrowser(Execution.java:192)
at RunClass.Execution.closeBrowser(Execution.java:192)
at RunClass.Execution.closeBrowser(Execution.java:192)
at RunClass.Execution.closeBrowser(Execution.java:192)
at RunClass.Execution.closeBrowser(Execution.java:192)
at RunClass.Execution.closeBrowser(Execution.java:192)
at RunClass.Execution.closeBrowser(Execution.java:192)
at RunClass.Execution.closeBrowser(Execution.java:192)
at RunClass.Execution.closeBrowser(Execution.java:192)
at RunClass.Execution.closeBrowser(Execution.java:192)
at RunClass.Execution.closeBrowser(Execution.java:192)
at RunClass.Execution.closeBrowser(Execution.java:192)
at RunClass.Execution.closeBrowser(Execution.java:192)
at RunClass.Execution.closeBrowser(Execution.java:192)
at RunClass.Execution.closeBrowser(Execution.java:192)
at RunClass.Execution.closeBrowser(Execution.java:192)
at RunClass.Execution.closeBrowser(Execution.java:192)
at RunClass.Execution.closeBrowser(Execution.java:192)
at RunClass.Execution.closeBrowser(Execution.java:192)
at RunClass.Execution.closeBrowser(Execution.java:192)
at RunClass.Execution.closeBrowser(Execution.java:192)
at RunClass.Execution.closeBrowser(Execution.java:192)
at RunClass.Execution.closeBrowser(Execution.java:192)
at RunClass.Execution.closeBrowser(Execution.java:192)
at RunClass.Execution.closeBrowser(Execution.java:192)
at RunClass.Execution.closeBrowser(Execution.java:192)
at RunClass.Execution.closeBrowser(Execution.java:192)
at RunClass.Execution.closeBrowser(Execution.java:192)
at RunClass.Execution.closeBrowser(Execution.java:192)
at RunClass.Execution.closeBrowser(Execution.java:192)
at RunClass.Execution.closeBrowser(Execution.java:192)
at RunClass.Execution.closeBrowser(Execution.java:192)
at RunClass.Execution.closeBrowser(Execution.java:192)
at RunClass.Execution.closeBrowser(Execution.java:192)
at RunClass.Execution.closeBrowser(Execution.java:192)
at RunClass.Execution.closeBrowser(Execution.java:192)
at RunClass.Execution.closeBrowser(Execution.java:192)
at RunClass.Execution.closeBrowser(Execution.java:192)
at RunClass.Execution.closeBrowser(Execution.java:192)
at RunClass.Execution.closeBrowser(Execution.java:192)
at RunClass.Execution.closeBrowser(Execution.java:192)
at RunClass.Execution.closeBrowser(Execution.java:192)
at RunClass.Execution.closeBrowser(Execution.java:192)
at RunClass.Execution.closeBrowser(Execution.java:192)
at RunClass.Execution.closeBrowser(Execution.java:192)
at RunClass.Execution.closeBrowser(Execution.java:192)
at RunClass.Execution.closeBrowser(Execution.java:192)
at RunClass.Execution.closeBrowser(Execution.java:192)
at RunClass.Execution.closeBrowser(Execution.java:192)
at RunClass.Execution.closeBrowser(Execution.java:192)
at RunClass.Execution.closeBrowser(Execution.java:192)
at RunClass.Execution.closeBrowser(Execution.java:192)
at RunClass.Execution.closeBrowser(Execution.java:192)
at RunClass.Execution.closeBrowser(Execution.java:192)
at RunClass.Execution.closeBrowser(Execution.java:192)
at RunClass.Execution.closeBrowser(Execution.java:192)
at RunClass.Execution.closeBrowser(Execution.java:192)
at RunClass.Execution.closeBrowser(Execution.java:192)
at RunClass.Execution.closeBrowser(Execution.java:192)
at RunClass.Execution.closeBrowser(Execution.java:192)
at RunClass.Execution.closeBrowser(Execution.java:192)
at RunClass.Execution.closeBrowser(Execution.java:192)
at RunClass.Execution.closeBrowser(Execution.java:192)
at RunClass.Execution.closeBrowser(Execution.java:192)
at RunClass.Execution.closeBrowser(Execution.java:192)
at RunClass.Execution.closeBrowser(Execution.java:192)
at RunClass.Execution.closeBrowser(Execution.java:192)
at RunClass.Execution.closeBrowser(Execution.java:192)
at RunClass.Execution.closeBrowser(Execution.java:192)
at RunClass.Execution.closeBrowser(Execution.java:192)
at RunClass.Execution.closeBrowser(Execution.java:192)
at RunClass.Execution.closeBrowser(Execution.java:192)
at RunClass.Execution.closeBrowser(Execution.java:192)
at RunClass.Execution.closeBrowser(Execution.java:192)
at RunClass.Execution.closeBrowser(Execution.java:192)
at RunClass.Execution.closeBrowser(Execution.java:192)
at RunClass.Execution.closeBrowser(Execution.java:192)
at RunClass.Execution.closeBrowser(Execution.java:192)
at RunClass.Execution.closeBrowser(Execution.java:192)
at RunClass.Execution.closeBrowser(Execution.java:192)
at RunClass.Execution.closeBrowser(Execution.java:192)
at RunClass.Execution.closeBrowser(Execution.java:192)
at RunClass.Execution.closeBrowser(Execution.java:192)
at RunClass.Execution.closeBrowser(Execution.java:192)
at RunClass.Execution.closeBrowser(Execution.java:192)
at RunClass.Execution.closeBrowser(Execution.java:192)
at RunClass.Execution.closeBrowser(Execution.java:192)
at RunClass.Execution.closeBrowser(Execution.java:192)
at RunClass.Execution.closeBrowser(Execution.java:192)
at RunClass.Execution.closeBrowser(Execution.java:192)
at RunClass.Execution.closeBrowser(Execution.java:192)
at RunClass.Execution.closeBrowser(Execution.java:192)
at RunClass.Execution.closeBrowser(Execution.java:192)
at RunClass.Execution.closeBrowser(Execution.java:192)
at RunClass.Execution.closeBrowser(Execution.java:192)
at RunClass.Execution.closeBrowser(Execution.java:192)
at RunClass.Execution.closeBrowser(Execution.java:192)
at RunClass.Execution.closeBrowser(Execution.java:192)
at RunClass.Execution.closeBrowser(Execution.java:192)
at RunClass.Execution.closeBrowser(Execution.java:192)
at RunClass.Execution.closeBrowser(Execution.java:192)
at RunClass.Execution.closeBrowser(Execution.java:192)
at RunClass.Execution.closeBrowser(Execution.java:192)
at RunClass.Execution.closeBrowser(Execution.java:192)
at RunClass.Execution.closeBrowser(Execution.java:192)
at RunClass.Execution.closeBrowser(Execution.java:192)
at RunClass.Execution.closeBrowser(Execution.java:192)
at RunClass.Execution.closeBrowser(Execution.java:192)
at RunClass.Execution.closeBrowser(Execution.java:192)
at RunClass.Execution.closeBrowser(Execution.java:192)
at RunClass.Execution.closeBrowser(Execution.java:192)
at RunClass.Execution.closeBrowser(Execution.java:192)
at RunClass.Execution.closeBrowser(Execution.java:192)
at RunClass.Execution.closeBrowser(Execution.java:192)
at RunClass.Execution.closeBrowser(Execution.java:192)
at RunClass.Execution.closeBrowser(Execution.java:192)
at RunClass.Execution.closeBrowser(Execution.java:192)
at RunClass.Execution.closeBrowser(Execution.java:192)
at RunClass.Execution.closeBrowser(Execution.java:192)
at RunClass.Execution.closeBrowser(Execution.java:192)
at RunClass.Execution.closeBrowser(Execution.java:192)
at RunClass.Execution.closeBrowser(Execution.java:192)
at RunClass.Execution.closeBrowser(Execution.java:192)
at RunClass.Execution.closeBrowser(Execution.java:192)
at RunClass.Execution.closeBrowser(Execution.java:192)
at RunClass.Execution.closeBrowser(Execution.java:192)
at RunClass.Execution.closeBrowser(Execution.java:192)
at RunClass.Execution.closeBrowser(Execution.java:192)
at RunClass.Execution.closeBrowser(Execution.java:192)
at RunClass.Execution.closeBrowser(Execution.java:192)
at RunClass.Execution.closeBrowser(Execution.java:192)
at RunClass.Execution.closeBrowser(Execution.java:192)
at RunClass.Execution.closeBrowser(Execution.java:192)
at RunClass.Execution.closeBrowser(Execution.java:192)
at RunClass.Execution.closeBrowser(Execution.java:192)
at RunClass.Execution.closeBrowser(Execution.java:192)
at RunClass.Execution.closeBrowser(Execution.java:192)
at RunClass.Execution.closeBrowser(Execution.java:192)
at RunClass.Execution.closeBrowser(Execution.java:192)
at RunClass.Execution.closeBrowser(Execution.java:192)
at RunClass.Execution.closeBrowser(Execution.java:192)
at RunClass.Execution.closeBrowser(Execution.java:192)
at RunClass.Execution.closeBrowser(Execution.java:192)
at RunClass.Execution.closeBrowser(Execution.java:192)
at RunClass.Execution.closeBrowser(Execution.java:192)
at RunClass.Execution.closeBrowser(Execution.java:192)
at RunClass.Execution.closeBrowser(Execution.java:192)
at RunClass.Execution.closeBrowser(Execution.java:192)
at RunClass.Execution.closeBrowser(Execution.java:192)
at RunClass.Execution.closeBrowser(Execution.java:192)
at RunClass.Execution.closeBrowser(Execution.java:192)
at RunClass.Execution.closeBrowser(Execution.java:192)
at RunClass.Execution.closeBrowser(Execution.java:192)
at RunClass.Execution.closeBrowser(Execution.java:192)
at RunClass.Execution.closeBrowser(Execution.java:192)
at RunClass.Execution.closeBrowser(Execution.java:192)
at RunClass.Execution.closeBrowser(Execution.java:192)
at RunClass.Execution.closeBrowser(Execution.java:192)
at RunClass.Execution.closeBrowser(Execution.java:192)
at RunClass.Execution.closeBrowser(Execution.java:192)
at RunClass.Execution.closeBrowser(Execution.java:192)
at RunClass.Execution.closeBrowser(Execution.java:192)
at RunClass.Execution.closeBrowser(Execution.java:192)
at RunClass.Execution.closeBrowser(Execution.java:192)
at RunClass.Execution.closeBrowser(Execution.java:192)
at RunClass.Execution.closeBrowser(Execution.java:192)
at RunClass.Execution.closeBrowser(Execution.java:192)
at RunClass.Execution.closeBrowser(Execution.java:192)
at RunClass.Execution.closeBrowser(Execution.java:192)
at RunClass.Execution.closeBrowser(Execution.java:192)
at RunClass.Execution.closeBrowser(Execution.java:192)
at RunClass.Execution.closeBrowser(Execution.java:192)
at RunClass.Execution.closeBrowser(Execution.java:192)
at RunClass.Execution.closeBrowser(Execution.java:192)
at RunClass.Execution.closeBrowser(Execution.java:192)
at RunClass.Execution.closeBrowser(Execution.java:192)
at RunClass.Execution.closeBrowser(Execution.java:192)
at RunClass.Execution.closeBrowser(Execution.java:192)
at RunClass.Execution.closeBrowser(Execution.java:192)
at RunClass.Execution.closeBrowser(Execution.java:192)
at RunClass.Execution.closeBrowser(Execution.java:192)
at RunClass.Execution.closeBrowser(Execution.java:192)
at RunClass.Execution.closeBrowser(Execution.java:192)
at RunClass.Execution.closeBrowser(Execution.java:192)
at RunClass.Execution.closeBrowser(Execution.java:192)
at RunClass.Execution.closeBrowser(Execution.java:192)
at RunClass.Execution.closeBrowser(Execution.java:192)
at RunClass.Execution.closeBrowser(Execution.java:192)
at RunClass.Execution.closeBrowser(Execution.java:192)
at RunClass.Execution.closeBrowser(Execution.java:192)
at RunClass.Execution.closeBrowser(Execution.java:192)
at RunClass.Execution.closeBrowser(Execution.java:192)
[...]
at RunClass.Execution.closeBrowser(Execution.java:192)
at RunClass.Execution.closeBrowser(Execution.java:192)
at RunClass.Execution.closeBrowser(Execution.java:192)
at RunClass.Execution.closeBrowser(Execution.java:192)
at RunClass.Execution.closeBrowser(Execution.java:192)
at RunClass.Execution.closeBrowser(Execution.java:192)
at RunClass.Execution.closeBrowser(Execution.java:192)
at RunClass.Execution.closeBrowser(Execution.java:192)
at RunClass.Execution.closeBrowser(Execution.java:192)
at RunClass.Execution.closeBrowser(Execution.java:192)
at RunClass.Execution.closeBrowser(Execution.java:192)
at RunClass.Execution.closeBrowser(Execution.java:192)
at RunClass.Execution.closeBrowser(Execution.java:192)
at RunClass.Execution.closeBrowser(Execution.java:192)
at RunClass.Execution.closeBrowser(Execution.java:192)
at RunClass.Execution.closeBrowser(Execution.java:192)
at RunClass.Execution.closeBrowser(Execution.java:192)
at RunClass.Execution.closeBrowser(Execution.java:192)
at RunClass.Execution.closeBrowser(Execution.java:192)
at RunClass.Execution.closeBrowser(Execution.java:192)
at RunClass.Execution.closeBrowser(Execution.java:192)
at RunClass.Execution.closeBrowser(Execution.java:192)
at RunClass.Execution.closeBrowser(Execution.java:192)
at RunClass.Execution.closeBrowser(Execution.java:192)
at RunClass.Execution.closeBrowser(Execution.java:192)
at RunClass.Execution.closeBrowser(Execution.java:192)
at RunClass.Execution.closeBrowser(Execution.java:192)
at RunClass.Execution.closeBrowser(Execution.java:192)
at RunClass.Execution.closeBrowser(Execution.java:192)
at RunClass.Execution.closeBrowser(Execution.java:192)
at RunClass.Execution.closeBrowser(Execution.java:192)
at RunClass.Execution.closeBrowser(Execution.java:192)
at RunClass.Execution.closeBrowser(Execution.java:192)
at RunClass.Execution.closeBrowser(Execution.java:192)
at RunClass.Execution.closeBrowser(Execution.java:192)
at RunClass.Execution.closeBrowser(Execution.java:192)
at RunClass.Execution.closeBrowser(Execution.java:192)
at RunClass.Execution.closeBrowser(Execution.java:192)
at RunClass.Execution.closeBrowser(Execution.java:192)
at RunClass.Execution.closeBrowser(Execution.java:192)
at RunClass.Execution.closeBrowser(Execution.java:192)
at RunClass.Execution.closeBrowser(Execution.java:192)
at RunClass.Execution.closeBrowser(Execution.java:192)
at RunClass.Execution.closeBrowser(Execution.java:192)
at RunClass.Execution.closeBrowser(Execution.java:192)
at RunClass.Execution.closeBrowser(Execution.java:192)
at RunClass.Execution.closeBrowser(Execution.java:192)
at RunClass.Execution.closeBrowser(Execution.java:192)
at RunClass.Execution.closeBrowser(Execution.java:192)
at RunClass.Execution.closeBrowser(Execution.java:192)
at RunClass.Execution.closeBrowser(Execution.java:192)
at RunClass.Execution.closeBrowser(Execution.java:192)
at RunClass.Execution.closeBrowser(Execution.java:192)
at RunClass.Execution.closeBrowser(Execution.java:192)
at RunClass.Execution.closeBrowser(Execution.java:192)
at RunClass.Execution.closeBrowser(Execution.java:192)
at RunClass.Execution.closeBrowser(Execution.java:192)
at RunClass.Execution.closeBrowser(Execution.java:192)
at RunClass.Execution.closeBrowser(Execution.java:192)
at RunClass.Execution.closeBrowser(Execution.java:192)
at RunClass.Execution.closeBrowser(Execution.java:192)
at RunClass.Execution.closeBrowser(Execution.java:192)
at RunClass.Execution.closeBrowser(Execution.java:192)
at RunClass.Execution.closeBrowser(Execution.java:192)
at RunClass.Execution.closeBrowser(Execution.java:192)
at RunClass.Execution.closeBrowser(Execution.java:192)
at RunClass.Execution.closeBrowser(Execution.java:192)
at RunClass.Execution.closeBrowser(Execution.java:192)
at RunClass.Execution.closeBrowser(Execution.java:192)
at RunClass.Execution.closeBrowser(Execution.java:192)
at RunClass.Execution.closeBrowser(Execution.java:192)
at RunClass.Execution.closeBrowser(Execution.java:192)
at RunClass.Execution.closeBrowser(Execution.java:192)
at RunClass.Execution.closeBrowser(Execution.java:192)
at RunClass.Execution.closeBrowser(Execution.java:192)
at RunClass.Execution.closeBrowser(Execution.java:192)
at RunClass.Execution.closeBrowser(Execution.java:192)
at RunClass.Execution.closeBrowser(Execution.java:192)
at RunClass.Execution.closeBrowser(Execution.java:192)
at RunClass.Execution.closeBrowser(Execution.java:192)
at RunClass.Execution.closeBrowser(Execution.java:192)
at RunClass.Execution.closeBrowser(Execution.java:192)
at RunClass.Execution.closeBrowser(Execution.java:192)
at RunClass.Execution.closeBrowser(Execution.java:192)
at RunClass.Execution.closeBrowser(Execution.java:192)
at RunClass.Execution.closeBrowser(Execution.java:192)
at RunClass.Execution.closeBrowser(Execution.java:192)
at RunClass.Execution.closeBrowser(Execution.java:192)
at RunClass.Execution.closeBrowser(Execution.java:192)
at RunClass.Execution.closeBrowser(Execution.java:192)
at RunClass.Execution.closeBrowser(Execution.java:192)
at RunClass.Execution.closeBrowser(Execution.java:192)
at RunClass.Execution.closeBrowser(Execution.java:192)
at RunClass.Execution.closeBrowser(Execution.java:192)
at RunClass.Execution.closeBrowser(Execution.java:192)
at RunClass.Execution.closeBrowser(Execution.java:192)
at RunClass.Execution.closeBrowser(Execution.java:192)
at RunClass.Execution.closeBrowser(Execution.java:192)
at RunClass.Execution.closeBrowser(Execution.java:192)
at RunClass.Execution.closeBrowser(Execution.java:192)
at RunClass.Execution.closeBrowser(Execution.java:192)
at RunClass.Execution.closeBrowser(Execution.java:192)
at RunClass.Execution.closeBrowser(Execution.java:192)
at RunClass.Execution.closeBrowser(Execution.java:192)
at RunClass.Execution.closeBrowser(Execution.java:192)
at RunClass.Execution.closeBrowser(Execution.java:192)
at RunClass.Execution.closeBrowser(Execution.java:192)
at RunClass.Execution.closeBrowser(Execution.java:192)
at RunClass.Execution.closeBrowser(Execution.java:192)
at RunClass.Execution.closeBrowser(Execution.java:192)
at RunClass.Execution.closeBrowser(Execution.java:192)
at RunClass.Execution.closeBrowser(Execution.java:192)
at RunClass.Execution.closeBrowser(Execution.java:192)
at RunClass.Execution.closeBrowser(Execution.java:192)
at RunClass.Execution.closeBrowser(Execution.java:192)
at RunClass.Execution.closeBrowser(Execution.java:192)
at RunClass.Execution.closeBrowser(Execution.java:192)
at RunClass.Execution.closeBrowser(Execution.java:192)
at RunClass.Execution.closeBrowser(Execution.java:192)
at RunClass.Execution.closeBrowser(Execution.java:192)
at RunClass.Execution.closeBrowser(Execution.java:192)
at RunClass.Execution.closeBrowser(Execution.java:192)
at RunClass.Execution.closeBrowser(Execution.java:192)
at RunClass.Execution.closeBrowser(Execution.java:192)
at RunClass.Execution.closeBrowser(Execution.java:192)
at RunClass.Execution.closeBrowser(Execution.java:192)
at RunClass.Execution.closeBrowser(Execution.java:192)
at RunClass.Execution.closeBrowser(Execution.java:192)
at RunClass.Execution.closeBrowser(Execution.java:192)
at RunClass.Execution.closeBrowser(Execution.java:192)
at RunClass.Execution.closeBrowser(Execution.java:192)
at RunClass.Execution.closeBrowser(Execution.java:192)
at RunClass.Execution.closeBrowser(Execution.java:192)
at RunClass.Execution.closeBrowser(Execution.java:192)
at RunClass.Execution.closeBrowser(Execution.java:192)
at RunClass.Execution.closeBrowser(Execution.java:192)
at RunClass.Execution.closeBrowser(Execution.java:192)
at RunClass.Execution.closeBrowser(Execution.java:192)
at RunClass.Execution.closeBrowser(Execution.java:192)
at RunClass.Execution.closeBrowser(Execution.java:192)
at RunClass.Execution.closeBrowser(Execution.java:192)
at RunClass.Execution.closeBrowser(Execution.java:192)
at RunClass.Execution.closeBrowser(Execution.java:192)
at RunClass.Execution.closeBrowser(Execution.java:192)
at RunClass.Execution.closeBrowser(Execution.java:192)
at RunClass.Execution.closeBrowser(Execution.java:192)
at RunClass.Execution.closeBrowser(Execution.java:192)
at RunClass.Execution.closeBrowser(Execution.java:192)
at RunClass.Execution.closeBrowser(Execution.java:192)
at RunClass.Execution.closeBrowser(Execution.java:192)
at RunClass.Execution.closeBrowser(Execution.java:192)
at RunClass.Execution.closeBrowser(Execution.java:192)
at RunClass.Execution.closeBrowser(Execution.java:192)
at RunClass.Execution.closeBrowser(Execution.java:192)
at RunClass.Execution.closeBrowser(Execution.java:192)
at RunClass.Execution.closeBrowser(Execution.java:192)
at RunClass.Execution.closeBrowser(Execution.java:192)
at RunClass.Execution.closeBrowser(Execution.java:192)
at RunClass.Execution.closeBrowser(Execution.java:192)
at RunClass.Execution.closeBrowser(Execution.java:192)
at RunClass.Execution.closeBrowser(Execution.java:192)
at RunClass.Execution.closeBrowser(Execution.java:192)
at RunClass.Execution.closeBrowser(Execution.java:192)
at RunClass.Execution.closeBrowser(Execution.java:192)
at RunClass.Execution.closeBrowser(Execution.java:192)
at RunClass.Execution.closeBrowser(Execution.java:192)
at RunClass.Execution.closeBrowser(Execution.java:192)
at RunClass.Execution.closeBrowser(Execution.java:192)
at RunClass.Execution.closeBrowser(Execution.java:192)
at RunClass.Execution.closeBrowser(Execution.java:192)
at RunClass.Execution.closeBrowser(Execution.java:192)
at RunClass.Execution.closeBrowser(Execution.java:192)
at RunClass.Execution.closeBrowser(Execution.java:192)
at RunClass.Execution.closeBrowser(Execution.java:192)
at RunClass.Execution.closeBrowser(Execution.java:192)
at RunClass.Execution.closeBrowser(Execution.java:192)
at RunClass.Execution.closeBrowser(Execution.java:192)
at RunClass.Execution.closeBrowser(Execution.java:192)
at RunClass.Execution.closeBrowser(Execution.java:192)
at RunClass.Execution.closeBrowser(Execution.java:192)
at RunClass.Execution.closeBrowser(Execution.java:192)
at RunClass.Execution.closeBrowser(Execution.java:192)
at RunClass.Execution.closeBrowser(Execution.java:192)
at RunClass.Execution.closeBrowser(Execution.java:192)
at RunClass.Execution.closeBrowser(Execution.java:192)
at RunClass.Execution.closeBrowser(Execution.java:192)
at RunClass.Execution.closeBrowser(Execution.java:192)
at RunClass.Execution.closeBrowser(Execution.java:192)
at RunClass.Execution.closeBrowser(Execution.java:192)
at RunClass.Execution.closeBrowser(Execution.java:192)
at RunClass.Execution.closeBrowser(Execution.java:192)
at RunClass.Execution.closeBrowser(Execution.java:192)
at RunClass.Execution.closeBrowser(Execution.java:192)
at RunClass.Execution.closeBrowser(Execution.java:192)
at RunClass.Execution.closeBrowser(Execution.java:192)
at RunClass.Execution.closeBrowser(Execution.java:192)
at RunClass.Execution.closeBrowser(Execution.java:192)
at RunClass.Execution.closeBrowser(Execution.java:192)
at RunClass.Execution.closeBrowser(Execution.java:192)
at RunClass.Execution.closeBrowser(Execution.java:192)
at RunClass.Execution.closeBrowser(Execution.java:192)
at RunClass.Execution.closeBrowser(Execution.java:192)
at RunClass.Execution.closeBrowser(Execution.java:192)
at RunClass.Execution.closeBrowser(Execution.java:192)
at RunClass.Execution.closeBrowser(Execution.java:192)
at RunClass.Execution.closeBrowser(Execution.java:192)
at RunClass.Execution.closeBrowser(Execution.java:192)
at RunClass.Execution.closeBrowser(Execution.java:192)
at RunClass.Execution.closeBrowser(Execution.java:192)
at RunClass.Execution.closeBrowser(Execution.java:192)
at RunClass.Execution.closeBrowser(Execution.java:192)
at RunClass.Execution.closeBrowser(Execution.java:192)
at RunClass.Execution.closeBrowser(Execution.java:192)
at RunClass.Execution.closeBrowser(Execution.java:192)
at RunClass.Execution.closeBrowser(Execution.java:192)
at RunClass.Execution.closeBrowser(Execution.java:192)
at RunClass.Execution.closeBrowser(Execution.java:192)
at RunClass.Execution.closeBrowser(Execution.java:192)
at RunClass.Execution.closeBrowser(Execution.java:192)
at RunClass.Execution.closeBrowser(Execution.java:192)
at RunClass.Execution.closeBrowser(Execution.java:192)
at RunClass.Execution.closeBrowser(Execution.java:192)
at RunClass.Execution.closeBrowser(Execution.java:192)
at RunClass.Execution.closeBrowser(Execution.java:192)
at RunClass.Execution.closeBrowser(Execution.java:192)
at RunClass.Execution.closeBrowser(Execution.java:192)
at RunClass.Execution.closeBrowser(Execution.java:192)
at RunClass.Execution.closeBrowser(Execution.java:192)
at RunClass.Execution.closeBrowser(Execution.java:192)
at RunClass.Execution.closeBrowser(Execution.java:192)
at RunClass.Execution.closeBrowser(Execution.java:192)
at RunClass.Execution.closeBrowser(Execution.java:192)
at RunClass.Execution.closeBrowser(Execution.java:192)
at RunClass.Execution.closeBrowser(Execution.java:192)
at RunClass.Execution.closeBrowser(Execution.java:192)
at RunClass.Execution.closeBrowser(Execution.java:192)
at RunClass.Execution.closeBrowser(Execution.java:192)
at RunClass.Execution.closeBrowser(Execution.java:192)
at RunClass.Execution.closeBrowser(Execution.java:192)
at RunClass.Execution.closeBrowser(Execution.java:192)
at RunClass.Execution.closeBrowser(Execution.java:192)
at RunClass.Execution.closeBrowser(Execution.java:192)
at RunClass.Execution.closeBrowser(Execution.java:192)
at RunClass.Execution.closeBrowser(Execution.java:192)
at RunClass.Execution.closeBrowser(Execution.java:192)
at RunClass.Execution.closeBrowser(Execution.java:192)
at RunClass.Execution.closeBrowser(Execution.java:192)
at RunClass.Execution.closeBrowser(Execution.java:192)
at RunClass.Execution.closeBrowser(Execution.java:192)
at RunClass.Execution.closeBrowser(Execution.java:192)
at RunClass.Execution.closeBrowser(Execution.java:192)
at RunClass.Execution.closeBrowser(Execution.java:192)
at RunClass.Execution.closeBrowser(Execution.java:192)
at RunClass.Execution.closeBrowser(Execution.java:192)
at RunClass.Execution.closeBrowser(Execution.java:192)
at RunClass.Execution.closeBrowser(Execution.java:192)
at RunClass.Execution.closeBrowser(Execution.java:192)
at RunClass.Execution.closeBrowser(Execution.java:192)
at RunClass.Execution.closeBrowser(Execution.java:192)
at RunClass.Execution.closeBrowser(Execution.java:192)
at RunClass.Execution.closeBrowser(Execution.java:192)
at RunClass.Execution.closeBrowser(Execution.java:192)
at RunClass.Execution.closeBrowser(Execution.java:192)
at RunClass.Execution.closeBrowser(Execution.java:192)
at RunClass.Execution.closeBrowser(Execution.java:192)
at RunClass.Execution.closeBrowser(Execution.java:192)
at RunClass.Execution.closeBrowser(Execution.java:192)
at RunClass.Execution.closeBrowser(Execution.java:192)
at RunClass.Execution.closeBrowser(Execution.java:192)
at RunClass.Execution.closeBrowser(Execution.java:192)
at RunClass.Execution.closeBrowser(Execution.java:192)
at RunClass.Execution.closeBrowser(Execution.java:192)
at RunClass.Execution.closeBrowser(Execution.java:192)
at RunClass.Execution.closeBrowser(Execution.java:192)
at RunClass.Execution.closeBrowser(Execution.java:192)
at RunClass.Execution.closeBrowser(Execution.java:192)
at RunClass.Execution.closeBrowser(Execution.java:192)
at RunClass.Execution.closeBrowser(Execution.java:192)
at RunClass.Execution.closeBrowser(Execution.java:192)
at RunClass.Execution.closeBrowser(Execution.java:192)
at RunClass.Execution.closeBrowser(Execution.java:192)
at RunClass.Execution.closeBrowser(Execution.java:192)
at RunClass.Execution.closeBrowser(Execution.java:192)
at RunClass.Execution.closeBrowser(Execution.java:192)
at RunClass.Execution.closeBrowser(Execution.java:192)
at RunClass.Execution.closeBrowser(Execution.java:192)
at RunClass.Execution.closeBrowser(Execution.java:192)
at RunClass.Execution.closeBrowser(Execution.java:192)
at RunClass.Execution.closeBrowser(Execution.java:192)
at RunClass.Execution.closeBrowser(Execution.java:192)
at RunClass.Execution.closeBrowser(Execution.java:192)
at RunClass.Execution.closeBrowser(Execution.java:192)
at RunClass.Execution.closeBrowser(Execution.java:192)
at RunClass.Execution.closeBrowser(Execution.java:192)
at RunClass.Execution.closeBrowser(Execution.java:192)
at RunClass.Execution.closeBrowser(Execution.java:192)
at RunClass.Execution.closeBrowser(Execution.java:192)
at RunClass.Execution.closeBrowser(Execution.java:192)
at RunClass.Execution.closeBrowser(Execution.java:192)
at RunClass.Execution.closeBrowser(Execution.java:192)
at RunClass.Execution.closeBrowser(Execution.java:192)
at RunClass.Execution.closeBrowser(Execution.java:192)
at RunClass.Execution.closeBrowser(Execution.java:192)
at RunClass.Execution.closeBrowser(Execution.java:192)
at RunClass.Execution.closeBrowser(Execution.java:192)
at RunClass.Execution.closeBrowser(Execution.java:192)
at RunClass.Execution.closeBrowser(Execution.java:192)
at RunClass.Execution.closeBrowser(Execution.java:192)
at RunClass.Execution.closeBrowser(Execution.java:192)
at RunClass.Execution.closeBrowser(Execution.java:192)
at RunClass.Execution.closeBrowser(Execution.java:192)
at RunClass.Execution.closeBrowser(Execution.java:192)
at RunClass.Execution.closeBrowser(Execution.java:192)
at RunClass.Execution.closeBrowser(Execution.java:192)
at RunClass.Execution.closeBrowser(Execution.java:192)
at RunClass.Execution.closeBrowser(Execution.java:192)
at RunClass.Execution.closeBrowser(Execution.java:192)
at RunClass.Execution.closeBrowser(Execution.java:192)
at RunClass.Execution.closeBrowser(Execution.java:192)
at RunClass.Execution.closeBrowser(Execution.java:192)
at RunClass.Execution.closeBrowser(Execution.java:192)
at RunClass.Execution.closeBrowser(Execution.java:192)
at RunClass.Execution.closeBrowser(Execution.java:192)
at RunClass.Execution.closeBrowser(Execution.java:192)
at RunClass.Execution.closeBrowser(Execution.java:192)
at RunClass.Execution.closeBrowser(Execution.java:192)
at RunClass.Execution.closeBrowser(Execution.java:192)
at RunClass.Execution.closeBrowser(Execution.java:192)
at RunClass.Execution.closeBrowser(Execution.java:192)
at RunClass.Execution.closeBrowser(Execution.java:192)
at RunClass.Execution.closeBrowser(Execution.java:192)
at RunClass.Execution.closeBrowser(Execution.java:192)
at RunClass.Execution.closeBrowser(Execution.java:192)
at RunClass.Execution.closeBrowser(Execution.java:192)
at RunClass.Execution.closeBrowser(Execution.java:192)
at RunClass.Execution.closeBrowser(Execution.java:192)
at RunClass.Execution.closeBrowser(Execution.java:192)
at RunClass.Execution.closeBrowser(Execution.java:192)
at RunClass.Execution.closeBrowser(Execution.java:192)
at RunClass.Execution.closeBrowser(Execution.java:192)
at RunClass.Execution.closeBrowser(Execution.java:192)
at RunClass.Execution.closeBrowser(Execution.java:192)
at RunClass.Execution.closeBrowser(Execution.java:192)
at RunClass.Execution.closeBrowser(Execution.java:192)
at RunClass.Execution.closeBrowser(Execution.java:192)
at RunClass.Execution.closeBrowser(Execution.java:192)
at RunClass.Execution.closeBrowser(Execution.java:192)
at RunClass.Execution.closeBrowser(Execution.java:192)
at RunClass.Execution.closeBrowser(Execution.java:192)
at RunClass.Execution.closeBrowser(Execution.java:192)
at RunClass.Execution.closeBrowser(Execution.java:192)
at RunClass.Execution.closeBrowser(Execution.java:192)
at RunClass.Execution.closeBrowser(Execution.java:192)
at RunClass.Execution.closeBrowser(Execution.java:192)
at RunClass.Execution.closeBrowser(Execution.java:192)
at RunClass.Execution.closeBrowser(Execution.java:192)
at RunClass.Execution.closeBrowser(Execution.java:192)
]]>
            </full-stacktrace>
          </exception> <!-- java.lang.StackOverflowError -->
          <reporter-output>
          </reporter-output>
        </test-method> <!-- closeBrowser -->
      </class> <!-- RunClass.Execution -->
    </test> <!-- Default test -->
  </suite> <!-- Default suite -->
</testng-results>
